INFO - 2024-03-06 14:41:59 --> Session: Class initialized using 'CodeIgniter\Session\Handlers\FileHandler' driver.
INFO - 2024-03-06 14:42:24 --> Session: Class initialized using 'CodeIgniter\Session\Handlers\FileHandler' driver.
INFO - 2024-03-06 14:42:25 --> Session: Class initialized using 'CodeIgniter\Session\Handlers\FileHandler' driver.
INFO - 2024-03-06 14:50:26 --> Session: Class initialized using 'CodeIgniter\Session\Handlers\FileHandler' driver.
INFO - 2024-03-06 14:50:30 --> Session: Class initialized using 'CodeIgniter\Session\Handlers\FileHandler' driver.
INFO - 2024-03-06 14:51:23 --> Session: Class initialized using 'CodeIgniter\Session\Handlers\FileHandler' driver.
INFO - 2024-03-06 14:51:25 --> Session: Class initialized using 'CodeIgniter\Session\Handlers\FileHandler' driver.
INFO - 2024-03-06 14:52:58 --> Session: Class initialized using 'CodeIgniter\Session\Handlers\FileHandler' driver.
INFO - 2024-03-06 14:53:09 --> Session: Class initialized using 'CodeIgniter\Session\Handlers\FileHandler' driver.
INFO - 2024-03-06 14:54:03 --> Session: Class initialized using 'CodeIgniter\Session\Handlers\FileHandler' driver.
INFO - 2024-03-06 14:54:19 --> Session: Class initialized using 'CodeIgniter\Session\Handlers\FileHandler' driver.
INFO - 2024-03-06 14:54:26 --> Session: Class initialized using 'CodeIgniter\Session\Handlers\FileHandler' driver.
INFO - 2024-03-06 14:54:35 --> Session: Class initialized using 'CodeIgniter\Session\Handlers\FileHandler' driver.
INFO - 2024-03-06 14:54:36 --> Session: Class initialized using 'CodeIgniter\Session\Handlers\FileHandler' driver.
INFO - 2024-03-06 14:54:46 --> Session: Class initialized using 'CodeIgniter\Session\Handlers\FileHandler' driver.
INFO - 2024-03-06 14:55:10 --> Session: Class initialized using 'CodeIgniter\Session\Handlers\FileHandler' driver.
INFO - 2024-03-06 14:55:11 --> Session: Class initialized using 'CodeIgniter\Session\Handlers\FileHandler' driver.
INFO - 2024-03-06 14:56:24 --> Session: Class initialized using 'CodeIgniter\Session\Handlers\FileHandler' driver.
INFO - 2024-03-06 14:56:54 --> Session: Class initialized using 'CodeIgniter\Session\Handlers\FileHandler' driver.
INFO - 2024-03-06 14:57:07 --> Session: Class initialized using 'CodeIgniter\Session\Handlers\FileHandler' driver.
INFO - 2024-03-06 14:57:10 --> Session: Class initialized using 'CodeIgniter\Session\Handlers\FileHandler' driver.
INFO - 2024-03-06 14:57:14 --> Session: Class initialized using 'CodeIgniter\Session\Handlers\FileHandler' driver.
INFO - 2024-03-06 14:57:19 --> Session: Class initialized using 'CodeIgniter\Session\Handlers\FileHandler' driver.
INFO - 2024-03-06 14:58:24 --> Session: Class initialized using 'CodeIgniter\Session\Handlers\FileHandler' driver.
INFO - 2024-03-06 14:58:35 --> Session: Class initialized using 'CodeIgniter\Session\Handlers\FileHandler' driver.
INFO - 2024-03-06 14:58:54 --> Session: Class initialized using 'CodeIgniter\Session\Handlers\FileHandler' driver.
INFO - 2024-03-06 14:59:02 --> Session: Class initialized using 'CodeIgniter\Session\Handlers\FileHandler' driver.
INFO - 2024-03-06 14:59:15 --> Session: Class initialized using 'CodeIgniter\Session\Handlers\FileHandler' driver.
INFO - 2024-03-06 14:59:19 --> Session: Class initialized using 'CodeIgniter\Session\Handlers\FileHandler' driver.
INFO - 2024-03-06 14:59:20 --> Session: Class initialized using 'CodeIgniter\Session\Handlers\FileHandler' driver.
INFO - 2024-03-06 14:59:22 --> Session: Class initialized using 'CodeIgniter\Session\Handlers\FileHandler' driver.
INFO - 2024-03-06 14:59:23 --> Session: Class initialized using 'CodeIgniter\Session\Handlers\FileHandler' driver.
INFO - 2024-03-06 14:59:25 --> Session: Class initialized using 'CodeIgniter\Session\Handlers\FileHandler' driver.
INFO - 2024-03-06 14:59:26 --> Session: Class initialized using 'CodeIgniter\Session\Handlers\FileHandler' driver.
INFO - 2024-03-06 14:59:27 --> Session: Class initialized using 'CodeIgniter\Session\Handlers\FileHandler' driver.
INFO - 2024-03-06 14:59:28 --> Session: Class initialized using 'CodeIgniter\Session\Handlers\FileHandler' driver.
INFO - 2024-03-06 14:59:33 --> Session: Class initialized using 'CodeIgniter\Session\Handlers\FileHandler' driver.
INFO - 2024-03-06 14:59:35 --> Session: Class initialized using 'CodeIgniter\Session\Handlers\FileHandler' driver.
INFO - 2024-03-06 15:00:54 --> Session: Class initialized using 'CodeIgniter\Session\Handlers\FileHandler' driver.
INFO - 2024-03-06 15:01:08 --> Session: Class initialized using 'CodeIgniter\Session\Handlers\FileHandler' driver.
INFO - 2024-03-06 15:01:08 --> Session: Class initialized using 'CodeIgniter\Session\Handlers\FileHandler' driver.
INFO - 2024-03-06 15:01:30 --> Session: Class initialized using 'CodeIgniter\Session\Handlers\FileHandler' driver.
INFO - 2024-03-06 15:01:30 --> Session: Class initialized using 'CodeIgniter\Session\Handlers\FileHandler' driver.
INFO - 2024-03-06 15:02:42 --> Session: Class initialized using 'CodeIgniter\Session\Handlers\FileHandler' driver.
INFO - 2024-03-06 15:02:42 --> Session: Class initialized using 'CodeIgniter\Session\Handlers\FileHandler' driver.
INFO - 2024-03-06 15:03:04 --> Session: Class initialized using 'CodeIgniter\Session\Handlers\FileHandler' driver.
INFO - 2024-03-06 15:03:06 --> Session: Class initialized using 'CodeIgniter\Session\Handlers\FileHandler' driver.
INFO - 2024-03-06 15:03:12 --> Session: Class initialized using 'CodeIgniter\Session\Handlers\FileHandler' driver.
INFO - 2024-03-06 15:03:13 --> Session: Class initialized using 'CodeIgniter\Session\Handlers\FileHandler' driver.
INFO - 2024-03-06 15:03:20 --> Session: Class initialized using 'CodeIgniter\Session\Handlers\FileHandler' driver.
INFO - 2024-03-06 15:03:44 --> Session: Class initialized using 'CodeIgniter\Session\Handlers\FileHandler' driver.
INFO - 2024-03-06 15:04:46 --> Session: Class initialized using 'CodeIgniter\Session\Handlers\FileHandler' driver.
INFO - 2024-03-06 15:04:59 --> Session: Class initialized using 'CodeIgniter\Session\Handlers\FileHandler' driver.
INFO - 2024-03-06 15:04:59 --> Session: Class initialized using 'CodeIgniter\Session\Handlers\FileHandler' driver.
INFO - 2024-03-06 15:06:14 --> Session: Class initialized using 'CodeIgniter\Session\Handlers\FileHandler' driver.
INFO - 2024-03-06 15:06:14 --> Session: Class initialized using 'CodeIgniter\Session\Handlers\FileHandler' driver.
INFO - 2024-03-06 15:06:50 --> Session: Class initialized using 'CodeIgniter\Session\Handlers\FileHandler' driver.
INFO - 2024-03-06 15:06:50 --> Session: Class initialized using 'CodeIgniter\Session\Handlers\FileHandler' driver.
INFO - 2024-03-06 15:07:32 --> Session: Class initialized using 'CodeIgniter\Session\Handlers\FileHandler' driver.
INFO - 2024-03-06 15:07:32 --> Session: Class initialized using 'CodeIgniter\Session\Handlers\FileHandler' driver.
INFO - 2024-03-06 15:07:35 --> Session: Class initialized using 'CodeIgniter\Session\Handlers\FileHandler' driver.
INFO - 2024-03-06 15:08:02 --> Session: Class initialized using 'CodeIgniter\Session\Handlers\FileHandler' driver.
INFO - 2024-03-06 15:08:12 --> Session: Class initialized using 'CodeIgniter\Session\Handlers\FileHandler' driver.
INFO - 2024-03-06 15:08:12 --> Session: Class initialized using 'CodeIgniter\Session\Handlers\FileHandler' driver.
INFO - 2024-03-06 15:08:14 --> Session: Class initialized using 'CodeIgniter\Session\Handlers\FileHandler' driver.
INFO - 2024-03-06 15:09:28 --> Session: Class initialized using 'CodeIgniter\Session\Handlers\FileHandler' driver.
INFO - 2024-03-06 15:10:33 --> Session: Class initialized using 'CodeIgniter\Session\Handlers\FileHandler' driver.
INFO - 2024-03-06 15:10:46 --> Session: Class initialized using 'CodeIgniter\Session\Handlers\FileHandler' driver.
INFO - 2024-03-06 15:10:46 --> Session: Class initialized using 'CodeIgniter\Session\Handlers\FileHandler' driver.
INFO - 2024-03-06 15:12:12 --> Session: Class initialized using 'CodeIgniter\Session\Handlers\FileHandler' driver.
INFO - 2024-03-06 15:12:17 --> Session: Class initialized using 'CodeIgniter\Session\Handlers\FileHandler' driver.
INFO - 2024-03-06 15:12:28 --> Session: Class initialized using 'CodeIgniter\Session\Handlers\FileHandler' driver.
INFO - 2024-03-06 15:12:28 --> Session: Class initialized using 'CodeIgniter\Session\Handlers\FileHandler' driver.
INFO - 2024-03-06 15:14:26 --> Session: Class initialized using 'CodeIgniter\Session\Handlers\FileHandler' driver.
INFO - 2024-03-06 15:14:31 --> Session: Class initialized using 'CodeIgniter\Session\Handlers\FileHandler' driver.
INFO - 2024-03-06 15:14:44 --> Session: Class initialized using 'CodeIgniter\Session\Handlers\FileHandler' driver.
INFO - 2024-03-06 15:14:45 --> Session: Class initialized using 'CodeIgniter\Session\Handlers\FileHandler' driver.
INFO - 2024-03-06 15:14:46 --> Session: Class initialized using 'CodeIgniter\Session\Handlers\FileHandler' driver.
INFO - 2024-03-06 15:15:55 --> Session: Class initialized using 'CodeIgniter\Session\Handlers\FileHandler' driver.
INFO - 2024-03-06 15:16:01 --> Session: Class initialized using 'CodeIgniter\Session\Handlers\FileHandler' driver.
INFO - 2024-03-06 15:16:03 --> Session: Class initialized using 'CodeIgniter\Session\Handlers\FileHandler' driver.
INFO - 2024-03-06 15:16:04 --> Session: Class initialized using 'CodeIgniter\Session\Handlers\FileHandler' driver.
INFO - 2024-03-06 15:16:07 --> Session: Class initialized using 'CodeIgniter\Session\Handlers\FileHandler' driver.
INFO - 2024-03-06 15:16:10 --> Session: Class initialized using 'CodeIgniter\Session\Handlers\FileHandler' driver.
INFO - 2024-03-06 15:16:14 --> Session: Class initialized using 'CodeIgniter\Session\Handlers\FileHandler' driver.
INFO - 2024-03-06 15:16:19 --> Session: Class initialized using 'CodeIgniter\Session\Handlers\FileHandler' driver.
INFO - 2024-03-06 15:16:30 --> Session: Class initialized using 'CodeIgniter\Session\Handlers\FileHandler' driver.
INFO - 2024-03-06 15:16:30 --> Session: Class initialized using 'CodeIgniter\Session\Handlers\FileHandler' driver.
INFO - 2024-03-06 15:16:41 --> Session: Class initialized using 'CodeIgniter\Session\Handlers\FileHandler' driver.
INFO - 2024-03-06 15:16:46 --> Session: Class initialized using 'CodeIgniter\Session\Handlers\FileHandler' driver.
INFO - 2024-03-06 15:16:48 --> Session: Class initialized using 'CodeIgniter\Session\Handlers\FileHandler' driver.
INFO - 2024-03-06 15:16:49 --> Session: Class initialized using 'CodeIgniter\Session\Handlers\FileHandler' driver.
INFO - 2024-03-06 15:19:08 --> Session: Class initialized using 'CodeIgniter\Session\Handlers\FileHandler' driver.
INFO - 2024-03-06 15:19:16 --> Session: Class initialized using 'CodeIgniter\Session\Handlers\FileHandler' driver.
INFO - 2024-03-06 15:19:16 --> Session: Class initialized using 'CodeIgniter\Session\Handlers\FileHandler' driver.
INFO - 2024-03-06 15:19:20 --> Session: Class initialized using 'CodeIgniter\Session\Handlers\FileHandler' driver.
INFO - 2024-03-06 15:19:27 --> Session: Class initialized using 'CodeIgniter\Session\Handlers\FileHandler' driver.
INFO - 2024-03-06 15:19:41 --> Session: Class initialized using 'CodeIgniter\Session\Handlers\FileHandler' driver.
INFO - 2024-03-06 15:19:41 --> Session: Class initialized using 'CodeIgniter\Session\Handlers\FileHandler' driver.
INFO - 2024-03-06 15:20:18 --> Session: Class initialized using 'CodeIgniter\Session\Handlers\FileHandler' driver.
INFO - 2024-03-06 15:20:35 --> Session: Class initialized using 'CodeIgniter\Session\Handlers\FileHandler' driver.
INFO - 2024-03-06 15:20:37 --> Session: Class initialized using 'CodeIgniter\Session\Handlers\FileHandler' driver.
INFO - 2024-03-06 15:20:49 --> Session: Class initialized using 'CodeIgniter\Session\Handlers\FileHandler' driver.
INFO - 2024-03-06 15:20:49 --> Session: Class initialized using 'CodeIgniter\Session\Handlers\FileHandler' driver.
INFO - 2024-03-06 15:24:18 --> Session: Class initialized using 'CodeIgniter\Session\Handlers\FileHandler' driver.
INFO - 2024-03-06 15:24:18 --> Session: Class initialized using 'CodeIgniter\Session\Handlers\FileHandler' driver.
INFO - 2024-03-06 15:24:24 --> Session: Class initialized using 'CodeIgniter\Session\Handlers\FileHandler' driver.
INFO - 2024-03-06 15:24:28 --> Session: Class initialized using 'CodeIgniter\Session\Handlers\FileHandler' driver.
INFO - 2024-03-06 15:25:50 --> Session: Class initialized using 'CodeIgniter\Session\Handlers\FileHandler' driver.
INFO - 2024-03-06 15:26:34 --> Session: Class initialized using 'CodeIgniter\Session\Handlers\FileHandler' driver.
INFO - 2024-03-06 15:26:47 --> Session: Class initialized using 'CodeIgniter\Session\Handlers\FileHandler' driver.
INFO - 2024-03-06 15:26:47 --> Session: Class initialized using 'CodeIgniter\Session\Handlers\FileHandler' driver.
INFO - 2024-03-06 15:26:49 --> Session: Class initialized using 'CodeIgniter\Session\Handlers\FileHandler' driver.
INFO - 2024-03-06 15:26:53 --> Session: Class initialized using 'CodeIgniter\Session\Handlers\FileHandler' driver.
INFO - 2024-03-06 15:27:05 --> Session: Class initialized using 'CodeIgniter\Session\Handlers\FileHandler' driver.
INFO - 2024-03-06 15:27:06 --> Session: Class initialized using 'CodeIgniter\Session\Handlers\FileHandler' driver.
INFO - 2024-03-06 15:27:15 --> Session: Class initialized using 'CodeIgniter\Session\Handlers\FileHandler' driver.
INFO - 2024-03-06 15:27:17 --> Session: Class initialized using 'CodeIgniter\Session\Handlers\FileHandler' driver.
INFO - 2024-03-06 15:27:23 --> Session: Class initialized using 'CodeIgniter\Session\Handlers\FileHandler' driver.
INFO - 2024-03-06 15:27:25 --> Session: Class initialized using 'CodeIgniter\Session\Handlers\FileHandler' driver.
INFO - 2024-03-06 15:27:34 --> Session: Class initialized using 'CodeIgniter\Session\Handlers\FileHandler' driver.
INFO - 2024-03-06 15:27:36 --> Session: Class initialized using 'CodeIgniter\Session\Handlers\FileHandler' driver.
INFO - 2024-03-06 15:27:42 --> Session: Class initialized using 'CodeIgniter\Session\Handlers\FileHandler' driver.
INFO - 2024-03-06 15:27:58 --> Session: Class initialized using 'CodeIgniter\Session\Handlers\FileHandler' driver.
INFO - 2024-03-06 15:28:00 --> Session: Class initialized using 'CodeIgniter\Session\Handlers\FileHandler' driver.
INFO - 2024-03-06 15:28:02 --> Session: Class initialized using 'CodeIgniter\Session\Handlers\FileHandler' driver.
INFO - 2024-03-06 15:28:03 --> Session: Class initialized using 'CodeIgniter\Session\Handlers\FileHandler' driver.
INFO - 2024-03-06 15:28:08 --> Session: Class initialized using 'CodeIgniter\Session\Handlers\FileHandler' driver.
INFO - 2024-03-06 15:28:39 --> Session: Class initialized using 'CodeIgniter\Session\Handlers\FileHandler' driver.
INFO - 2024-03-06 15:30:14 --> Session: Class initialized using 'CodeIgniter\Session\Handlers\FileHandler' driver.
INFO - 2024-03-06 15:30:17 --> Session: Class initialized using 'CodeIgniter\Session\Handlers\FileHandler' driver.
INFO - 2024-03-06 15:30:20 --> Session: Class initialized using 'CodeIgniter\Session\Handlers\FileHandler' driver.
INFO - 2024-03-06 15:30:23 --> Session: Class initialized using 'CodeIgniter\Session\Handlers\FileHandler' driver.
INFO - 2024-03-06 15:30:32 --> Session: Class initialized using 'CodeIgniter\Session\Handlers\FileHandler' driver.
INFO - 2024-03-06 15:31:02 --> Session: Class initialized using 'CodeIgniter\Session\Handlers\FileHandler' driver.
INFO - 2024-03-06 15:32:01 --> Session: Class initialized using 'CodeIgniter\Session\Handlers\FileHandler' driver.
INFO - 2024-03-06 15:32:01 --> Session: Class initialized using 'CodeIgniter\Session\Handlers\FileHandler' driver.
INFO - 2024-03-06 15:32:30 --> Session: Class initialized using 'CodeIgniter\Session\Handlers\FileHandler' driver.
INFO - 2024-03-06 15:32:36 --> Session: Class initialized using 'CodeIgniter\Session\Handlers\FileHandler' driver.
INFO - 2024-03-06 15:32:38 --> Session: Class initialized using 'CodeIgniter\Session\Handlers\FileHandler' driver.
INFO - 2024-03-06 15:33:38 --> Session: Class initialized using 'CodeIgniter\Session\Handlers\FileHandler' driver.
INFO - 2024-03-06 15:33:43 --> Session: Class initialized using 'CodeIgniter\Session\Handlers\FileHandler' driver.
INFO - 2024-03-06 15:34:27 --> Session: Class initialized using 'CodeIgniter\Session\Handlers\FileHandler' driver.
INFO - 2024-03-06 15:34:28 --> Session: Class initialized using 'CodeIgniter\Session\Handlers\FileHandler' driver.
INFO - 2024-03-06 15:34:29 --> Session: Class initialized using 'CodeIgniter\Session\Handlers\FileHandler' driver.
INFO - 2024-03-06 15:35:56 --> Session: Class initialized using 'CodeIgniter\Session\Handlers\FileHandler' driver.
INFO - 2024-03-06 15:36:17 --> Session: Class initialized using 'CodeIgniter\Session\Handlers\FileHandler' driver.
INFO - 2024-03-06 15:36:45 --> Session: Class initialized using 'CodeIgniter\Session\Handlers\FileHandler' driver.
INFO - 2024-03-06 15:36:47 --> Session: Class initialized using 'CodeIgniter\Session\Handlers\FileHandler' driver.
INFO - 2024-03-06 15:37:07 --> Session: Class initialized using 'CodeIgniter\Session\Handlers\FileHandler' driver.
INFO - 2024-03-06 15:37:08 --> Session: Class initialized using 'CodeIgniter\Session\Handlers\FileHandler' driver.
INFO - 2024-03-06 15:38:01 --> Session: Class initialized using 'CodeIgniter\Session\Handlers\FileHandler' driver.
INFO - 2024-03-06 15:39:00 --> Session: Class initialized using 'CodeIgniter\Session\Handlers\FileHandler' driver.
INFO - 2024-03-06 15:42:50 --> Session: Class initialized using 'CodeIgniter\Session\Handlers\FileHandler' driver.
INFO - 2024-03-06 15:42:51 --> Session: Class initialized using 'CodeIgniter\Session\Handlers\FileHandler' driver.
INFO - 2024-03-06 15:44:04 --> Session: Class initialized using 'CodeIgniter\Session\Handlers\FileHandler' driver.
CRITICAL - 2024-03-06 15:44:04 --> Undefined variable $consultorias
in APPPATH\Views\contratos\formulario_subir_contrato.php on line 51.
 1 APPPATH\Views\contratos\formulario_subir_contrato.php(51): CodeIgniter\Debug\Exceptions->errorHandler(2, 'Undefined variable $consultorias', 'C:\\xamppp\\htdocs\\adminlte\\app\\Views\\contratos\\formulario_subir_contrato.php', 51)
 2 SYSTEMPATH\View\View.php(226): include('C:\\xamppp\\htdocs\\adminlte\\app\\Views\\contratos\\formulario_subir_contrato.php')
 3 SYSTEMPATH\View\View.php(229): CodeIgniter\View\View->CodeIgniter\View\{closure}()
 4 SYSTEMPATH\Common.php(1188): CodeIgniter\View\View->render('contratos/formulario_subir_contrato', [], true)
 5 APPPATH\Controllers\contrato.php(26): view('contratos/formulario_subir_contrato', [...])
 6 SYSTEMPATH\CodeIgniter.php(919): App\Controllers\contrato->vista_Contrato_subir_pdf_formulario()
 7 SYSTEMPATH\CodeIgniter.php(494): CodeIgniter\CodeIgniter->runController(Object(App\Controllers\contrato))
 8 SYSTEMPATH\CodeIgniter.php(353): CodeIgniter\CodeIgniter->handleRequest(null, Object(Config\Cache), false)
 9 FCPATH\index.php(79): CodeIgniter\CodeIgniter->run()
INFO - 2024-03-06 15:49:17 --> Session: Class initialized using 'CodeIgniter\Session\Handlers\FileHandler' driver.
INFO - 2024-03-06 15:50:55 --> Session: Class initialized using 'CodeIgniter\Session\Handlers\FileHandler' driver.
CRITICAL - 2024-03-06 15:50:55 --> Undefined variable $consultorias
in APPPATH\Views\contratos\formulario_subir_contrato.php on line 51.
 1 APPPATH\Views\contratos\formulario_subir_contrato.php(51): CodeIgniter\Debug\Exceptions->errorHandler(2, 'Undefined variable $consultorias', 'C:\\xamppp\\htdocs\\adminlte\\app\\Views\\contratos\\formulario_subir_contrato.php', 51)
 2 SYSTEMPATH\View\View.php(226): include('C:\\xamppp\\htdocs\\adminlte\\app\\Views\\contratos\\formulario_subir_contrato.php')
 3 SYSTEMPATH\View\View.php(229): CodeIgniter\View\View->CodeIgniter\View\{closure}()
 4 SYSTEMPATH\Common.php(1188): CodeIgniter\View\View->render('contratos/formulario_subir_contrato', [], true)
 5 APPPATH\Controllers\contrato.php(26): view('contratos/formulario_subir_contrato', [...])
 6 SYSTEMPATH\CodeIgniter.php(919): App\Controllers\contrato->vista_Contrato_subir_pdf_formulario()
 7 SYSTEMPATH\CodeIgniter.php(494): CodeIgniter\CodeIgniter->runController(Object(App\Controllers\contrato))
 8 SYSTEMPATH\CodeIgniter.php(353): CodeIgniter\CodeIgniter->handleRequest(null, Object(Config\Cache), false)
 9 FCPATH\index.php(79): CodeIgniter\CodeIgniter->run()
INFO - 2024-03-06 15:50:56 --> Session: Class initialized using 'CodeIgniter\Session\Handlers\FileHandler' driver.
INFO - 2024-03-06 15:51:02 --> Session: Class initialized using 'CodeIgniter\Session\Handlers\FileHandler' driver.
INFO - 2024-03-06 15:51:03 --> Session: Class initialized using 'CodeIgniter\Session\Handlers\FileHandler' driver.
CRITICAL - 2024-03-06 15:51:03 --> Undefined variable $consultorias
in APPPATH\Views\contratos\formulario_subir_contrato.php on line 51.
 1 APPPATH\Views\contratos\formulario_subir_contrato.php(51): CodeIgniter\Debug\Exceptions->errorHandler(2, 'Undefined variable $consultorias', 'C:\\xamppp\\htdocs\\adminlte\\app\\Views\\contratos\\formulario_subir_contrato.php', 51)
 2 SYSTEMPATH\View\View.php(226): include('C:\\xamppp\\htdocs\\adminlte\\app\\Views\\contratos\\formulario_subir_contrato.php')
 3 SYSTEMPATH\View\View.php(229): CodeIgniter\View\View->CodeIgniter\View\{closure}()
 4 SYSTEMPATH\Common.php(1188): CodeIgniter\View\View->render('contratos/formulario_subir_contrato', [], true)
 5 APPPATH\Controllers\contrato.php(26): view('contratos/formulario_subir_contrato', [...])
 6 SYSTEMPATH\CodeIgniter.php(919): App\Controllers\contrato->vista_Contrato_subir_pdf_formulario()
 7 SYSTEMPATH\CodeIgniter.php(494): CodeIgniter\CodeIgniter->runController(Object(App\Controllers\contrato))
 8 SYSTEMPATH\CodeIgniter.php(353): CodeIgniter\CodeIgniter->handleRequest(null, Object(Config\Cache), false)
 9 FCPATH\index.php(79): CodeIgniter\CodeIgniter->run()
INFO - 2024-03-06 15:51:55 --> Session: Class initialized using 'CodeIgniter\Session\Handlers\FileHandler' driver.
CRITICAL - 2024-03-06 15:51:55 --> Undefined variable $consultorias
in APPPATH\Views\contratos\formulario_subir_contrato.php on line 52.
 1 APPPATH\Views\contratos\formulario_subir_contrato.php(52): CodeIgniter\Debug\Exceptions->errorHandler(2, 'Undefined variable $consultorias', 'C:\\xamppp\\htdocs\\adminlte\\app\\Views\\contratos\\formulario_subir_contrato.php', 52)
 2 SYSTEMPATH\View\View.php(226): include('C:\\xamppp\\htdocs\\adminlte\\app\\Views\\contratos\\formulario_subir_contrato.php')
 3 SYSTEMPATH\View\View.php(229): CodeIgniter\View\View->CodeIgniter\View\{closure}()
 4 SYSTEMPATH\Common.php(1188): CodeIgniter\View\View->render('contratos/formulario_subir_contrato', [], true)
 5 APPPATH\Controllers\contrato.php(26): view('contratos/formulario_subir_contrato', [...])
 6 SYSTEMPATH\CodeIgniter.php(919): App\Controllers\contrato->vista_Contrato_subir_pdf_formulario()
 7 SYSTEMPATH\CodeIgniter.php(494): CodeIgniter\CodeIgniter->runController(Object(App\Controllers\contrato))
 8 SYSTEMPATH\CodeIgniter.php(353): CodeIgniter\CodeIgniter->handleRequest(null, Object(Config\Cache), false)
 9 FCPATH\index.php(79): CodeIgniter\CodeIgniter->run()
INFO - 2024-03-06 15:51:56 --> Session: Class initialized using 'CodeIgniter\Session\Handlers\FileHandler' driver.
CRITICAL - 2024-03-06 15:51:56 --> Undefined variable $consultorias
in APPPATH\Views\contratos\formulario_subir_contrato.php on line 52.
 1 APPPATH\Views\contratos\formulario_subir_contrato.php(52): CodeIgniter\Debug\Exceptions->errorHandler(2, 'Undefined variable $consultorias', 'C:\\xamppp\\htdocs\\adminlte\\app\\Views\\contratos\\formulario_subir_contrato.php', 52)
 2 SYSTEMPATH\View\View.php(226): include('C:\\xamppp\\htdocs\\adminlte\\app\\Views\\contratos\\formulario_subir_contrato.php')
 3 SYSTEMPATH\View\View.php(229): CodeIgniter\View\View->CodeIgniter\View\{closure}()
 4 SYSTEMPATH\Common.php(1188): CodeIgniter\View\View->render('contratos/formulario_subir_contrato', [], true)
 5 APPPATH\Controllers\contrato.php(26): view('contratos/formulario_subir_contrato', [...])
 6 SYSTEMPATH\CodeIgniter.php(919): App\Controllers\contrato->vista_Contrato_subir_pdf_formulario()
 7 SYSTEMPATH\CodeIgniter.php(494): CodeIgniter\CodeIgniter->runController(Object(App\Controllers\contrato))
 8 SYSTEMPATH\CodeIgniter.php(353): CodeIgniter\CodeIgniter->handleRequest(null, Object(Config\Cache), false)
 9 FCPATH\index.php(79): CodeIgniter\CodeIgniter->run()
INFO - 2024-03-06 15:51:56 --> Session: Class initialized using 'CodeIgniter\Session\Handlers\FileHandler' driver.
CRITICAL - 2024-03-06 15:51:56 --> Undefined variable $consultorias
in APPPATH\Views\contratos\formulario_subir_contrato.php on line 52.
 1 APPPATH\Views\contratos\formulario_subir_contrato.php(52): CodeIgniter\Debug\Exceptions->errorHandler(2, 'Undefined variable $consultorias', 'C:\\xamppp\\htdocs\\adminlte\\app\\Views\\contratos\\formulario_subir_contrato.php', 52)
 2 SYSTEMPATH\View\View.php(226): include('C:\\xamppp\\htdocs\\adminlte\\app\\Views\\contratos\\formulario_subir_contrato.php')
 3 SYSTEMPATH\View\View.php(229): CodeIgniter\View\View->CodeIgniter\View\{closure}()
 4 SYSTEMPATH\Common.php(1188): CodeIgniter\View\View->render('contratos/formulario_subir_contrato', [], true)
 5 APPPATH\Controllers\contrato.php(26): view('contratos/formulario_subir_contrato', [...])
 6 SYSTEMPATH\CodeIgniter.php(919): App\Controllers\contrato->vista_Contrato_subir_pdf_formulario()
 7 SYSTEMPATH\CodeIgniter.php(494): CodeIgniter\CodeIgniter->runController(Object(App\Controllers\contrato))
 8 SYSTEMPATH\CodeIgniter.php(353): CodeIgniter\CodeIgniter->handleRequest(null, Object(Config\Cache), false)
 9 FCPATH\index.php(79): CodeIgniter\CodeIgniter->run()
INFO - 2024-03-06 15:51:56 --> Session: Class initialized using 'CodeIgniter\Session\Handlers\FileHandler' driver.
CRITICAL - 2024-03-06 15:51:56 --> Undefined variable $consultorias
in APPPATH\Views\contratos\formulario_subir_contrato.php on line 52.
 1 APPPATH\Views\contratos\formulario_subir_contrato.php(52): CodeIgniter\Debug\Exceptions->errorHandler(2, 'Undefined variable $consultorias', 'C:\\xamppp\\htdocs\\adminlte\\app\\Views\\contratos\\formulario_subir_contrato.php', 52)
 2 SYSTEMPATH\View\View.php(226): include('C:\\xamppp\\htdocs\\adminlte\\app\\Views\\contratos\\formulario_subir_contrato.php')
 3 SYSTEMPATH\View\View.php(229): CodeIgniter\View\View->CodeIgniter\View\{closure}()
 4 SYSTEMPATH\Common.php(1188): CodeIgniter\View\View->render('contratos/formulario_subir_contrato', [], true)
 5 APPPATH\Controllers\contrato.php(26): view('contratos/formulario_subir_contrato', [...])
 6 SYSTEMPATH\CodeIgniter.php(919): App\Controllers\contrato->vista_Contrato_subir_pdf_formulario()
 7 SYSTEMPATH\CodeIgniter.php(494): CodeIgniter\CodeIgniter->runController(Object(App\Controllers\contrato))
 8 SYSTEMPATH\CodeIgniter.php(353): CodeIgniter\CodeIgniter->handleRequest(null, Object(Config\Cache), false)
 9 FCPATH\index.php(79): CodeIgniter\CodeIgniter->run()
INFO - 2024-03-06 15:57:11 --> Session: Class initialized using 'CodeIgniter\Session\Handlers\FileHandler' driver.
CRITICAL - 2024-03-06 15:57:11 --> Undefined variable $consultorias
in APPPATH\Views\contratos\formulario_subir_contrato.php on line 52.
 1 APPPATH\Views\contratos\formulario_subir_contrato.php(52): CodeIgniter\Debug\Exceptions->errorHandler(2, 'Undefined variable $consultorias', 'C:\\xamppp\\htdocs\\adminlte\\app\\Views\\contratos\\formulario_subir_contrato.php', 52)
 2 SYSTEMPATH\View\View.php(226): include('C:\\xamppp\\htdocs\\adminlte\\app\\Views\\contratos\\formulario_subir_contrato.php')
 3 SYSTEMPATH\View\View.php(229): CodeIgniter\View\View->CodeIgniter\View\{closure}()
 4 SYSTEMPATH\Common.php(1188): CodeIgniter\View\View->render('contratos/formulario_subir_contrato', [], true)
 5 APPPATH\Controllers\contrato.php(26): view('contratos/formulario_subir_contrato', [...])
 6 SYSTEMPATH\CodeIgniter.php(919): App\Controllers\contrato->vista_Contrato_subir_pdf_formulario()
 7 SYSTEMPATH\CodeIgniter.php(494): CodeIgniter\CodeIgniter->runController(Object(App\Controllers\contrato))
 8 SYSTEMPATH\CodeIgniter.php(353): CodeIgniter\CodeIgniter->handleRequest(null, Object(Config\Cache), false)
 9 FCPATH\index.php(79): CodeIgniter\CodeIgniter->run()
INFO - 2024-03-06 15:57:11 --> Session: Class initialized using 'CodeIgniter\Session\Handlers\FileHandler' driver.
CRITICAL - 2024-03-06 15:57:12 --> Undefined variable $consultorias
in APPPATH\Views\contratos\formulario_subir_contrato.php on line 52.
 1 APPPATH\Views\contratos\formulario_subir_contrato.php(52): CodeIgniter\Debug\Exceptions->errorHandler(2, 'Undefined variable $consultorias', 'C:\\xamppp\\htdocs\\adminlte\\app\\Views\\contratos\\formulario_subir_contrato.php', 52)
 2 SYSTEMPATH\View\View.php(226): include('C:\\xamppp\\htdocs\\adminlte\\app\\Views\\contratos\\formulario_subir_contrato.php')
 3 SYSTEMPATH\View\View.php(229): CodeIgniter\View\View->CodeIgniter\View\{closure}()
 4 SYSTEMPATH\Common.php(1188): CodeIgniter\View\View->render('contratos/formulario_subir_contrato', [], true)
 5 APPPATH\Controllers\contrato.php(26): view('contratos/formulario_subir_contrato', [...])
 6 SYSTEMPATH\CodeIgniter.php(919): App\Controllers\contrato->vista_Contrato_subir_pdf_formulario()
 7 SYSTEMPATH\CodeIgniter.php(494): CodeIgniter\CodeIgniter->runController(Object(App\Controllers\contrato))
 8 SYSTEMPATH\CodeIgniter.php(353): CodeIgniter\CodeIgniter->handleRequest(null, Object(Config\Cache), false)
 9 FCPATH\index.php(79): CodeIgniter\CodeIgniter->run()
INFO - 2024-03-06 15:57:12 --> Session: Class initialized using 'CodeIgniter\Session\Handlers\FileHandler' driver.
INFO - 2024-03-06 15:57:15 --> Session: Class initialized using 'CodeIgniter\Session\Handlers\FileHandler' driver.
CRITICAL - 2024-03-06 15:57:15 --> Undefined variable $consultorias
in APPPATH\Views\contratos\formulario_subir_contrato.php on line 52.
 1 APPPATH\Views\contratos\formulario_subir_contrato.php(52): CodeIgniter\Debug\Exceptions->errorHandler(2, 'Undefined variable $consultorias', 'C:\\xamppp\\htdocs\\adminlte\\app\\Views\\contratos\\formulario_subir_contrato.php', 52)
 2 SYSTEMPATH\View\View.php(226): include('C:\\xamppp\\htdocs\\adminlte\\app\\Views\\contratos\\formulario_subir_contrato.php')
 3 SYSTEMPATH\View\View.php(229): CodeIgniter\View\View->CodeIgniter\View\{closure}()
 4 SYSTEMPATH\Common.php(1188): CodeIgniter\View\View->render('contratos/formulario_subir_contrato', [], true)
 5 APPPATH\Controllers\contrato.php(26): view('contratos/formulario_subir_contrato', [...])
 6 SYSTEMPATH\CodeIgniter.php(919): App\Controllers\contrato->vista_Contrato_subir_pdf_formulario()
 7 SYSTEMPATH\CodeIgniter.php(494): CodeIgniter\CodeIgniter->runController(Object(App\Controllers\contrato))
 8 SYSTEMPATH\CodeIgniter.php(353): CodeIgniter\CodeIgniter->handleRequest(null, Object(Config\Cache), false)
 9 FCPATH\index.php(79): CodeIgniter\CodeIgniter->run()
INFO - 2024-03-06 16:00:34 --> Session: Class initialized using 'CodeIgniter\Session\Handlers\FileHandler' driver.
CRITICAL - 2024-03-06 16:00:34 --> Undefined variable $consultorias
in APPPATH\Views\contratos\formulario_subir_contrato.php on line 51.
 1 APPPATH\Views\contratos\formulario_subir_contrato.php(51): CodeIgniter\Debug\Exceptions->errorHandler(2, 'Undefined variable $consultorias', 'C:\\xamppp\\htdocs\\adminlte\\app\\Views\\contratos\\formulario_subir_contrato.php', 51)
 2 SYSTEMPATH\View\View.php(226): include('C:\\xamppp\\htdocs\\adminlte\\app\\Views\\contratos\\formulario_subir_contrato.php')
 3 SYSTEMPATH\View\View.php(229): CodeIgniter\View\View->CodeIgniter\View\{closure}()
 4 SYSTEMPATH\Common.php(1188): CodeIgniter\View\View->render('contratos/formulario_subir_contrato', [], true)
 5 APPPATH\Controllers\contrato.php(29): view('contratos/formulario_subir_contrato', [...])
 6 SYSTEMPATH\CodeIgniter.php(919): App\Controllers\contrato->vista_Contrato_subir_pdf_formulario()
 7 SYSTEMPATH\CodeIgniter.php(494): CodeIgniter\CodeIgniter->runController(Object(App\Controllers\contrato))
 8 SYSTEMPATH\CodeIgniter.php(353): CodeIgniter\CodeIgniter->handleRequest(null, Object(Config\Cache), false)
 9 FCPATH\index.php(79): CodeIgniter\CodeIgniter->run()
INFO - 2024-03-06 16:00:35 --> Session: Class initialized using 'CodeIgniter\Session\Handlers\FileHandler' driver.
CRITICAL - 2024-03-06 16:00:35 --> Undefined variable $consultorias
in APPPATH\Views\contratos\formulario_subir_contrato.php on line 51.
 1 APPPATH\Views\contratos\formulario_subir_contrato.php(51): CodeIgniter\Debug\Exceptions->errorHandler(2, 'Undefined variable $consultorias', 'C:\\xamppp\\htdocs\\adminlte\\app\\Views\\contratos\\formulario_subir_contrato.php', 51)
 2 SYSTEMPATH\View\View.php(226): include('C:\\xamppp\\htdocs\\adminlte\\app\\Views\\contratos\\formulario_subir_contrato.php')
 3 SYSTEMPATH\View\View.php(229): CodeIgniter\View\View->CodeIgniter\View\{closure}()
 4 SYSTEMPATH\Common.php(1188): CodeIgniter\View\View->render('contratos/formulario_subir_contrato', [], true)
 5 APPPATH\Controllers\contrato.php(29): view('contratos/formulario_subir_contrato', [...])
 6 SYSTEMPATH\CodeIgniter.php(919): App\Controllers\contrato->vista_Contrato_subir_pdf_formulario()
 7 SYSTEMPATH\CodeIgniter.php(494): CodeIgniter\CodeIgniter->runController(Object(App\Controllers\contrato))
 8 SYSTEMPATH\CodeIgniter.php(353): CodeIgniter\CodeIgniter->handleRequest(null, Object(Config\Cache), false)
 9 FCPATH\index.php(79): CodeIgniter\CodeIgniter->run()
INFO - 2024-03-06 16:00:35 --> Session: Class initialized using 'CodeIgniter\Session\Handlers\FileHandler' driver.
CRITICAL - 2024-03-06 16:00:35 --> Undefined variable $consultorias
in APPPATH\Views\contratos\formulario_subir_contrato.php on line 51.
 1 APPPATH\Views\contratos\formulario_subir_contrato.php(51): CodeIgniter\Debug\Exceptions->errorHandler(2, 'Undefined variable $consultorias', 'C:\\xamppp\\htdocs\\adminlte\\app\\Views\\contratos\\formulario_subir_contrato.php', 51)
 2 SYSTEMPATH\View\View.php(226): include('C:\\xamppp\\htdocs\\adminlte\\app\\Views\\contratos\\formulario_subir_contrato.php')
 3 SYSTEMPATH\View\View.php(229): CodeIgniter\View\View->CodeIgniter\View\{closure}()
 4 SYSTEMPATH\Common.php(1188): CodeIgniter\View\View->render('contratos/formulario_subir_contrato', [], true)
 5 APPPATH\Controllers\contrato.php(29): view('contratos/formulario_subir_contrato', [...])
 6 SYSTEMPATH\CodeIgniter.php(919): App\Controllers\contrato->vista_Contrato_subir_pdf_formulario()
 7 SYSTEMPATH\CodeIgniter.php(494): CodeIgniter\CodeIgniter->runController(Object(App\Controllers\contrato))
 8 SYSTEMPATH\CodeIgniter.php(353): CodeIgniter\CodeIgniter->handleRequest(null, Object(Config\Cache), false)
 9 FCPATH\index.php(79): CodeIgniter\CodeIgniter->run()
INFO - 2024-03-06 16:00:35 --> Session: Class initialized using 'CodeIgniter\Session\Handlers\FileHandler' driver.
CRITICAL - 2024-03-06 16:00:35 --> Undefined variable $consultorias
in APPPATH\Views\contratos\formulario_subir_contrato.php on line 51.
 1 APPPATH\Views\contratos\formulario_subir_contrato.php(51): CodeIgniter\Debug\Exceptions->errorHandler(2, 'Undefined variable $consultorias', 'C:\\xamppp\\htdocs\\adminlte\\app\\Views\\contratos\\formulario_subir_contrato.php', 51)
 2 SYSTEMPATH\View\View.php(226): include('C:\\xamppp\\htdocs\\adminlte\\app\\Views\\contratos\\formulario_subir_contrato.php')
 3 SYSTEMPATH\View\View.php(229): CodeIgniter\View\View->CodeIgniter\View\{closure}()
 4 SYSTEMPATH\Common.php(1188): CodeIgniter\View\View->render('contratos/formulario_subir_contrato', [], true)
 5 APPPATH\Controllers\contrato.php(29): view('contratos/formulario_subir_contrato', [...])
 6 SYSTEMPATH\CodeIgniter.php(919): App\Controllers\contrato->vista_Contrato_subir_pdf_formulario()
 7 SYSTEMPATH\CodeIgniter.php(494): CodeIgniter\CodeIgniter->runController(Object(App\Controllers\contrato))
 8 SYSTEMPATH\CodeIgniter.php(353): CodeIgniter\CodeIgniter->handleRequest(null, Object(Config\Cache), false)
 9 FCPATH\index.php(79): CodeIgniter\CodeIgniter->run()
INFO - 2024-03-06 16:01:36 --> Session: Class initialized using 'CodeIgniter\Session\Handlers\FileHandler' driver.
CRITICAL - 2024-03-06 16:01:36 --> Undefined variable $consultorias
in APPPATH\Views\contratos\formulario_subir_contrato.php on line 51.
 1 APPPATH\Views\contratos\formulario_subir_contrato.php(51): CodeIgniter\Debug\Exceptions->errorHandler(2, 'Undefined variable $consultorias', 'C:\\xamppp\\htdocs\\adminlte\\app\\Views\\contratos\\formulario_subir_contrato.php', 51)
 2 SYSTEMPATH\View\View.php(226): include('C:\\xamppp\\htdocs\\adminlte\\app\\Views\\contratos\\formulario_subir_contrato.php')
 3 SYSTEMPATH\View\View.php(229): CodeIgniter\View\View->CodeIgniter\View\{closure}()
 4 SYSTEMPATH\Common.php(1188): CodeIgniter\View\View->render('contratos/formulario_subir_contrato', [], true)
 5 APPPATH\Controllers\contrato.php(29): view('contratos/formulario_subir_contrato', [...])
 6 SYSTEMPATH\CodeIgniter.php(919): App\Controllers\contrato->vista_Contrato_subir_pdf_formulario()
 7 SYSTEMPATH\CodeIgniter.php(494): CodeIgniter\CodeIgniter->runController(Object(App\Controllers\contrato))
 8 SYSTEMPATH\CodeIgniter.php(353): CodeIgniter\CodeIgniter->handleRequest(null, Object(Config\Cache), false)
 9 FCPATH\index.php(79): CodeIgniter\CodeIgniter->run()
INFO - 2024-03-06 16:01:37 --> Session: Class initialized using 'CodeIgniter\Session\Handlers\FileHandler' driver.
CRITICAL - 2024-03-06 16:01:37 --> Undefined variable $consultorias
in APPPATH\Views\contratos\formulario_subir_contrato.php on line 51.
 1 APPPATH\Views\contratos\formulario_subir_contrato.php(51): CodeIgniter\Debug\Exceptions->errorHandler(2, 'Undefined variable $consultorias', 'C:\\xamppp\\htdocs\\adminlte\\app\\Views\\contratos\\formulario_subir_contrato.php', 51)
 2 SYSTEMPATH\View\View.php(226): include('C:\\xamppp\\htdocs\\adminlte\\app\\Views\\contratos\\formulario_subir_contrato.php')
 3 SYSTEMPATH\View\View.php(229): CodeIgniter\View\View->CodeIgniter\View\{closure}()
 4 SYSTEMPATH\Common.php(1188): CodeIgniter\View\View->render('contratos/formulario_subir_contrato', [], true)
 5 APPPATH\Controllers\contrato.php(29): view('contratos/formulario_subir_contrato', [...])
 6 SYSTEMPATH\CodeIgniter.php(919): App\Controllers\contrato->vista_Contrato_subir_pdf_formulario()
 7 SYSTEMPATH\CodeIgniter.php(494): CodeIgniter\CodeIgniter->runController(Object(App\Controllers\contrato))
 8 SYSTEMPATH\CodeIgniter.php(353): CodeIgniter\CodeIgniter->handleRequest(null, Object(Config\Cache), false)
 9 FCPATH\index.php(79): CodeIgniter\CodeIgniter->run()
INFO - 2024-03-06 16:01:37 --> Session: Class initialized using 'CodeIgniter\Session\Handlers\FileHandler' driver.
CRITICAL - 2024-03-06 16:01:37 --> Undefined variable $consultorias
in APPPATH\Views\contratos\formulario_subir_contrato.php on line 51.
 1 APPPATH\Views\contratos\formulario_subir_contrato.php(51): CodeIgniter\Debug\Exceptions->errorHandler(2, 'Undefined variable $consultorias', 'C:\\xamppp\\htdocs\\adminlte\\app\\Views\\contratos\\formulario_subir_contrato.php', 51)
 2 SYSTEMPATH\View\View.php(226): include('C:\\xamppp\\htdocs\\adminlte\\app\\Views\\contratos\\formulario_subir_contrato.php')
 3 SYSTEMPATH\View\View.php(229): CodeIgniter\View\View->CodeIgniter\View\{closure}()
 4 SYSTEMPATH\Common.php(1188): CodeIgniter\View\View->render('contratos/formulario_subir_contrato', [], true)
 5 APPPATH\Controllers\contrato.php(29): view('contratos/formulario_subir_contrato', [...])
 6 SYSTEMPATH\CodeIgniter.php(919): App\Controllers\contrato->vista_Contrato_subir_pdf_formulario()
 7 SYSTEMPATH\CodeIgniter.php(494): CodeIgniter\CodeIgniter->runController(Object(App\Controllers\contrato))
 8 SYSTEMPATH\CodeIgniter.php(353): CodeIgniter\CodeIgniter->handleRequest(null, Object(Config\Cache), false)
 9 FCPATH\index.php(79): CodeIgniter\CodeIgniter->run()
INFO - 2024-03-06 16:01:39 --> Session: Class initialized using 'CodeIgniter\Session\Handlers\FileHandler' driver.
INFO - 2024-03-06 16:01:40 --> Session: Class initialized using 'CodeIgniter\Session\Handlers\FileHandler' driver.
INFO - 2024-03-06 16:01:44 --> Session: Class initialized using 'CodeIgniter\Session\Handlers\FileHandler' driver.
CRITICAL - 2024-03-06 16:01:44 --> Undefined variable $consultorias
in APPPATH\Views\contratos\formulario_subir_contrato.php on line 51.
 1 APPPATH\Views\contratos\formulario_subir_contrato.php(51): CodeIgniter\Debug\Exceptions->errorHandler(2, 'Undefined variable $consultorias', 'C:\\xamppp\\htdocs\\adminlte\\app\\Views\\contratos\\formulario_subir_contrato.php', 51)
 2 SYSTEMPATH\View\View.php(226): include('C:\\xamppp\\htdocs\\adminlte\\app\\Views\\contratos\\formulario_subir_contrato.php')
 3 SYSTEMPATH\View\View.php(229): CodeIgniter\View\View->CodeIgniter\View\{closure}()
 4 SYSTEMPATH\Common.php(1188): CodeIgniter\View\View->render('contratos/formulario_subir_contrato', [], true)
 5 APPPATH\Controllers\contrato.php(29): view('contratos/formulario_subir_contrato', [...])
 6 SYSTEMPATH\CodeIgniter.php(919): App\Controllers\contrato->vista_Contrato_subir_pdf_formulario()
 7 SYSTEMPATH\CodeIgniter.php(494): CodeIgniter\CodeIgniter->runController(Object(App\Controllers\contrato))
 8 SYSTEMPATH\CodeIgniter.php(353): CodeIgniter\CodeIgniter->handleRequest(null, Object(Config\Cache), false)
 9 FCPATH\index.php(79): CodeIgniter\CodeIgniter->run()
INFO - 2024-03-06 16:02:38 --> Session: Class initialized using 'CodeIgniter\Session\Handlers\FileHandler' driver.
CRITICAL - 2024-03-06 16:02:38 --> Undefined property: stdClass::$Idreporte
in APPPATH\Views\contratos\formulario_subir_contrato.php on line 46.
 1 APPPATH\Views\contratos\formulario_subir_contrato.php(46): CodeIgniter\Debug\Exceptions->errorHandler(2, 'Undefined property: stdClass::$Idreporte', 'C:\\xamppp\\htdocs\\adminlte\\app\\Views\\contratos\\formulario_subir_contrato.php', 46)
 2 SYSTEMPATH\View\View.php(226): include('C:\\xamppp\\htdocs\\adminlte\\app\\Views\\contratos\\formulario_subir_contrato.php')
 3 SYSTEMPATH\View\View.php(229): CodeIgniter\View\View->CodeIgniter\View\{closure}()
 4 SYSTEMPATH\Common.php(1188): CodeIgniter\View\View->render('contratos/formulario_subir_contrato', [], true)
 5 APPPATH\Controllers\contrato.php(31): view('contratos/formulario_subir_contrato', [...])
 6 SYSTEMPATH\CodeIgniter.php(919): App\Controllers\contrato->vista_Contrato_subir_pdf_formulario()
 7 SYSTEMPATH\CodeIgniter.php(494): CodeIgniter\CodeIgniter->runController(Object(App\Controllers\contrato))
 8 SYSTEMPATH\CodeIgniter.php(353): CodeIgniter\CodeIgniter->handleRequest(null, Object(Config\Cache), false)
 9 FCPATH\index.php(79): CodeIgniter\CodeIgniter->run()
INFO - 2024-03-06 16:02:39 --> Session: Class initialized using 'CodeIgniter\Session\Handlers\FileHandler' driver.
CRITICAL - 2024-03-06 16:02:39 --> Undefined property: stdClass::$Idreporte
in APPPATH\Views\contratos\formulario_subir_contrato.php on line 46.
 1 APPPATH\Views\contratos\formulario_subir_contrato.php(46): CodeIgniter\Debug\Exceptions->errorHandler(2, 'Undefined property: stdClass::$Idreporte', 'C:\\xamppp\\htdocs\\adminlte\\app\\Views\\contratos\\formulario_subir_contrato.php', 46)
 2 SYSTEMPATH\View\View.php(226): include('C:\\xamppp\\htdocs\\adminlte\\app\\Views\\contratos\\formulario_subir_contrato.php')
 3 SYSTEMPATH\View\View.php(229): CodeIgniter\View\View->CodeIgniter\View\{closure}()
 4 SYSTEMPATH\Common.php(1188): CodeIgniter\View\View->render('contratos/formulario_subir_contrato', [], true)
 5 APPPATH\Controllers\contrato.php(31): view('contratos/formulario_subir_contrato', [...])
 6 SYSTEMPATH\CodeIgniter.php(919): App\Controllers\contrato->vista_Contrato_subir_pdf_formulario()
 7 SYSTEMPATH\CodeIgniter.php(494): CodeIgniter\CodeIgniter->runController(Object(App\Controllers\contrato))
 8 SYSTEMPATH\CodeIgniter.php(353): CodeIgniter\CodeIgniter->handleRequest(null, Object(Config\Cache), false)
 9 FCPATH\index.php(79): CodeIgniter\CodeIgniter->run()
INFO - 2024-03-06 16:03:10 --> Session: Class initialized using 'CodeIgniter\Session\Handlers\FileHandler' driver.
CRITICAL - 2024-03-06 16:03:10 --> Undefined property: stdClass::$Idreporte
in APPPATH\Views\contratos\formulario_subir_contrato.php on line 46.
 1 APPPATH\Views\contratos\formulario_subir_contrato.php(46): CodeIgniter\Debug\Exceptions->errorHandler(2, 'Undefined property: stdClass::$Idreporte', 'C:\\xamppp\\htdocs\\adminlte\\app\\Views\\contratos\\formulario_subir_contrato.php', 46)
 2 SYSTEMPATH\View\View.php(226): include('C:\\xamppp\\htdocs\\adminlte\\app\\Views\\contratos\\formulario_subir_contrato.php')
 3 SYSTEMPATH\View\View.php(229): CodeIgniter\View\View->CodeIgniter\View\{closure}()
 4 SYSTEMPATH\Common.php(1188): CodeIgniter\View\View->render('contratos/formulario_subir_contrato', [], true)
 5 APPPATH\Controllers\contrato.php(31): view('contratos/formulario_subir_contrato', [...])
 6 SYSTEMPATH\CodeIgniter.php(919): App\Controllers\contrato->vista_Contrato_subir_pdf_formulario()
 7 SYSTEMPATH\CodeIgniter.php(494): CodeIgniter\CodeIgniter->runController(Object(App\Controllers\contrato))
 8 SYSTEMPATH\CodeIgniter.php(353): CodeIgniter\CodeIgniter->handleRequest(null, Object(Config\Cache), false)
 9 FCPATH\index.php(79): CodeIgniter\CodeIgniter->run()
INFO - 2024-03-06 16:03:11 --> Session: Class initialized using 'CodeIgniter\Session\Handlers\FileHandler' driver.
CRITICAL - 2024-03-06 16:03:11 --> Undefined property: stdClass::$Idreporte
in APPPATH\Views\contratos\formulario_subir_contrato.php on line 46.
 1 APPPATH\Views\contratos\formulario_subir_contrato.php(46): CodeIgniter\Debug\Exceptions->errorHandler(2, 'Undefined property: stdClass::$Idreporte', 'C:\\xamppp\\htdocs\\adminlte\\app\\Views\\contratos\\formulario_subir_contrato.php', 46)
 2 SYSTEMPATH\View\View.php(226): include('C:\\xamppp\\htdocs\\adminlte\\app\\Views\\contratos\\formulario_subir_contrato.php')
 3 SYSTEMPATH\View\View.php(229): CodeIgniter\View\View->CodeIgniter\View\{closure}()
 4 SYSTEMPATH\Common.php(1188): CodeIgniter\View\View->render('contratos/formulario_subir_contrato', [], true)
 5 APPPATH\Controllers\contrato.php(31): view('contratos/formulario_subir_contrato', [...])
 6 SYSTEMPATH\CodeIgniter.php(919): App\Controllers\contrato->vista_Contrato_subir_pdf_formulario()
 7 SYSTEMPATH\CodeIgniter.php(494): CodeIgniter\CodeIgniter->runController(Object(App\Controllers\contrato))
 8 SYSTEMPATH\CodeIgniter.php(353): CodeIgniter\CodeIgniter->handleRequest(null, Object(Config\Cache), false)
 9 FCPATH\index.php(79): CodeIgniter\CodeIgniter->run()
INFO - 2024-03-06 16:03:31 --> Session: Class initialized using 'CodeIgniter\Session\Handlers\FileHandler' driver.
CRITICAL - 2024-03-06 16:03:31 --> Undefined property: stdClass::$Idreporte
in APPPATH\Views\contratos\formulario_subir_contrato.php on line 46.
 1 APPPATH\Views\contratos\formulario_subir_contrato.php(46): CodeIgniter\Debug\Exceptions->errorHandler(2, 'Undefined property: stdClass::$Idreporte', 'C:\\xamppp\\htdocs\\adminlte\\app\\Views\\contratos\\formulario_subir_contrato.php', 46)
 2 SYSTEMPATH\View\View.php(226): include('C:\\xamppp\\htdocs\\adminlte\\app\\Views\\contratos\\formulario_subir_contrato.php')
 3 SYSTEMPATH\View\View.php(229): CodeIgniter\View\View->CodeIgniter\View\{closure}()
 4 SYSTEMPATH\Common.php(1188): CodeIgniter\View\View->render('contratos/formulario_subir_contrato', [], true)
 5 APPPATH\Controllers\contrato.php(31): view('contratos/formulario_subir_contrato', [...])
 6 SYSTEMPATH\CodeIgniter.php(919): App\Controllers\contrato->vista_Contrato_subir_pdf_formulario()
 7 SYSTEMPATH\CodeIgniter.php(494): CodeIgniter\CodeIgniter->runController(Object(App\Controllers\contrato))
 8 SYSTEMPATH\CodeIgniter.php(353): CodeIgniter\CodeIgniter->handleRequest(null, Object(Config\Cache), false)
 9 FCPATH\index.php(79): CodeIgniter\CodeIgniter->run()
INFO - 2024-03-06 16:03:31 --> Session: Class initialized using 'CodeIgniter\Session\Handlers\FileHandler' driver.
CRITICAL - 2024-03-06 16:03:31 --> Undefined property: stdClass::$Idreporte
in APPPATH\Views\contratos\formulario_subir_contrato.php on line 46.
 1 APPPATH\Views\contratos\formulario_subir_contrato.php(46): CodeIgniter\Debug\Exceptions->errorHandler(2, 'Undefined property: stdClass::$Idreporte', 'C:\\xamppp\\htdocs\\adminlte\\app\\Views\\contratos\\formulario_subir_contrato.php', 46)
 2 SYSTEMPATH\View\View.php(226): include('C:\\xamppp\\htdocs\\adminlte\\app\\Views\\contratos\\formulario_subir_contrato.php')
 3 SYSTEMPATH\View\View.php(229): CodeIgniter\View\View->CodeIgniter\View\{closure}()
 4 SYSTEMPATH\Common.php(1188): CodeIgniter\View\View->render('contratos/formulario_subir_contrato', [], true)
 5 APPPATH\Controllers\contrato.php(31): view('contratos/formulario_subir_contrato', [...])
 6 SYSTEMPATH\CodeIgniter.php(919): App\Controllers\contrato->vista_Contrato_subir_pdf_formulario()
 7 SYSTEMPATH\CodeIgniter.php(494): CodeIgniter\CodeIgniter->runController(Object(App\Controllers\contrato))
 8 SYSTEMPATH\CodeIgniter.php(353): CodeIgniter\CodeIgniter->handleRequest(null, Object(Config\Cache), false)
 9 FCPATH\index.php(79): CodeIgniter\CodeIgniter->run()
INFO - 2024-03-06 16:03:39 --> Session: Class initialized using 'CodeIgniter\Session\Handlers\FileHandler' driver.
CRITICAL - 2024-03-06 16:03:39 --> Undefined property: stdClass::$Idreporte
in APPPATH\Views\contratos\formulario_subir_contrato.php on line 46.
 1 APPPATH\Views\contratos\formulario_subir_contrato.php(46): CodeIgniter\Debug\Exceptions->errorHandler(2, 'Undefined property: stdClass::$Idreporte', 'C:\\xamppp\\htdocs\\adminlte\\app\\Views\\contratos\\formulario_subir_contrato.php', 46)
 2 SYSTEMPATH\View\View.php(226): include('C:\\xamppp\\htdocs\\adminlte\\app\\Views\\contratos\\formulario_subir_contrato.php')
 3 SYSTEMPATH\View\View.php(229): CodeIgniter\View\View->CodeIgniter\View\{closure}()
 4 SYSTEMPATH\Common.php(1188): CodeIgniter\View\View->render('contratos/formulario_subir_contrato', [], true)
 5 APPPATH\Controllers\contrato.php(31): view('contratos/formulario_subir_contrato', [...])
 6 SYSTEMPATH\CodeIgniter.php(919): App\Controllers\contrato->vista_Contrato_subir_pdf_formulario()
 7 SYSTEMPATH\CodeIgniter.php(494): CodeIgniter\CodeIgniter->runController(Object(App\Controllers\contrato))
 8 SYSTEMPATH\CodeIgniter.php(353): CodeIgniter\CodeIgniter->handleRequest(null, Object(Config\Cache), false)
 9 FCPATH\index.php(79): CodeIgniter\CodeIgniter->run()
INFO - 2024-03-06 16:03:49 --> Session: Class initialized using 'CodeIgniter\Session\Handlers\FileHandler' driver.
INFO - 2024-03-06 16:06:10 --> Session: Class initialized using 'CodeIgniter\Session\Handlers\FileHandler' driver.
INFO - 2024-03-06 16:06:55 --> Session: Class initialized using 'CodeIgniter\Session\Handlers\FileHandler' driver.
INFO - 2024-03-06 16:07:06 --> Session: Class initialized using 'CodeIgniter\Session\Handlers\FileHandler' driver.
CRITICAL - 2024-03-06 16:07:06 --> Attempt to read property "Ci" on null
in APPPATH\Controllers\contrato.php on line 52.
 1 APPPATH\Controllers\contrato.php(52): CodeIgniter\Debug\Exceptions->errorHandler(2, 'Attempt to read property "Ci" on null', 'C:\\xamppp\\htdocs\\adminlte\\app\\Controllers\\contrato.php', 52)
 2 SYSTEMPATH\CodeIgniter.php(919): App\Controllers\contrato->crearContrato()
 3 SYSTEMPATH\CodeIgniter.php(494): CodeIgniter\CodeIgniter->runController(Object(App\Controllers\contrato))
 4 SYSTEMPATH\CodeIgniter.php(353): CodeIgniter\CodeIgniter->handleRequest(null, Object(Config\Cache), false)
 5 FCPATH\index.php(79): CodeIgniter\CodeIgniter->run()
INFO - 2024-03-06 16:08:56 --> Session: Class initialized using 'CodeIgniter\Session\Handlers\FileHandler' driver.
INFO - 2024-03-06 16:09:03 --> Session: Class initialized using 'CodeIgniter\Session\Handlers\FileHandler' driver.
INFO - 2024-03-06 16:09:03 --> Session: Class initialized using 'CodeIgniter\Session\Handlers\FileHandler' driver.
INFO - 2024-03-06 16:09:23 --> Session: Class initialized using 'CodeIgniter\Session\Handlers\FileHandler' driver.
INFO - 2024-03-06 16:09:26 --> Session: Class initialized using 'CodeIgniter\Session\Handlers\FileHandler' driver.
INFO - 2024-03-06 16:09:49 --> Session: Class initialized using 'CodeIgniter\Session\Handlers\FileHandler' driver.
INFO - 2024-03-06 16:12:27 --> Session: Class initialized using 'CodeIgniter\Session\Handlers\FileHandler' driver.
INFO - 2024-03-06 16:12:28 --> Session: Class initialized using 'CodeIgniter\Session\Handlers\FileHandler' driver.
INFO - 2024-03-06 16:12:29 --> Session: Class initialized using 'CodeIgniter\Session\Handlers\FileHandler' driver.
INFO - 2024-03-06 16:12:31 --> Session: Class initialized using 'CodeIgniter\Session\Handlers\FileHandler' driver.
INFO - 2024-03-06 16:12:45 --> Session: Class initialized using 'CodeIgniter\Session\Handlers\FileHandler' driver.
CRITICAL - 2024-03-06 16:12:45 --> Attempt to read property "Ci" on null
in APPPATH\Controllers\contrato.php on line 52.
 1 APPPATH\Controllers\contrato.php(52): CodeIgniter\Debug\Exceptions->errorHandler(2, 'Attempt to read property "Ci" on null', 'C:\\xamppp\\htdocs\\adminlte\\app\\Controllers\\contrato.php', 52)
 2 SYSTEMPATH\CodeIgniter.php(919): App\Controllers\contrato->crearContrato()
 3 SYSTEMPATH\CodeIgniter.php(494): CodeIgniter\CodeIgniter->runController(Object(App\Controllers\contrato))
 4 SYSTEMPATH\CodeIgniter.php(353): CodeIgniter\CodeIgniter->handleRequest(null, Object(Config\Cache), false)
 5 FCPATH\index.php(79): CodeIgniter\CodeIgniter->run()
INFO - 2024-03-06 16:13:13 --> Session: Class initialized using 'CodeIgniter\Session\Handlers\FileHandler' driver.
INFO - 2024-03-06 16:13:25 --> Session: Class initialized using 'CodeIgniter\Session\Handlers\FileHandler' driver.
CRITICAL - 2024-03-06 16:13:25 --> Attempt to read property "Ci" on null
in APPPATH\Controllers\contrato.php on line 52.
 1 APPPATH\Controllers\contrato.php(52): CodeIgniter\Debug\Exceptions->errorHandler(2, 'Attempt to read property "Ci" on null', 'C:\\xamppp\\htdocs\\adminlte\\app\\Controllers\\contrato.php', 52)
 2 SYSTEMPATH\CodeIgniter.php(919): App\Controllers\contrato->crearContrato()
 3 SYSTEMPATH\CodeIgniter.php(494): CodeIgniter\CodeIgniter->runController(Object(App\Controllers\contrato))
 4 SYSTEMPATH\CodeIgniter.php(353): CodeIgniter\CodeIgniter->handleRequest(null, Object(Config\Cache), false)
 5 FCPATH\index.php(79): CodeIgniter\CodeIgniter->run()
INFO - 2024-03-06 16:13:28 --> Session: Class initialized using 'CodeIgniter\Session\Handlers\FileHandler' driver.
INFO - 2024-03-06 16:13:33 --> Session: Class initialized using 'CodeIgniter\Session\Handlers\FileHandler' driver.
INFO - 2024-03-06 16:13:36 --> Session: Class initialized using 'CodeIgniter\Session\Handlers\FileHandler' driver.
INFO - 2024-03-06 16:13:44 --> Session: Class initialized using 'CodeIgniter\Session\Handlers\FileHandler' driver.
INFO - 2024-03-06 16:13:53 --> Session: Class initialized using 'CodeIgniter\Session\Handlers\FileHandler' driver.
INFO - 2024-03-06 16:13:53 --> Session: Class initialized using 'CodeIgniter\Session\Handlers\FileHandler' driver.
INFO - 2024-03-06 16:14:01 --> Session: Class initialized using 'CodeIgniter\Session\Handlers\FileHandler' driver.
INFO - 2024-03-06 16:14:03 --> Session: Class initialized using 'CodeIgniter\Session\Handlers\FileHandler' driver.
INFO - 2024-03-06 16:15:15 --> Session: Class initialized using 'CodeIgniter\Session\Handlers\FileHandler' driver.
INFO - 2024-03-06 16:15:16 --> Session: Class initialized using 'CodeIgniter\Session\Handlers\FileHandler' driver.
INFO - 2024-03-06 16:15:27 --> Session: Class initialized using 'CodeIgniter\Session\Handlers\FileHandler' driver.
CRITICAL - 2024-03-06 16:15:27 --> Attempt to read property "Ci" on null
in APPPATH\Controllers\contrato.php on line 52.
 1 APPPATH\Controllers\contrato.php(52): CodeIgniter\Debug\Exceptions->errorHandler(2, 'Attempt to read property "Ci" on null', 'C:\\xamppp\\htdocs\\adminlte\\app\\Controllers\\contrato.php', 52)
 2 SYSTEMPATH\CodeIgniter.php(919): App\Controllers\contrato->crearContrato()
 3 SYSTEMPATH\CodeIgniter.php(494): CodeIgniter\CodeIgniter->runController(Object(App\Controllers\contrato))
 4 SYSTEMPATH\CodeIgniter.php(353): CodeIgniter\CodeIgniter->handleRequest(null, Object(Config\Cache), false)
 5 FCPATH\index.php(79): CodeIgniter\CodeIgniter->run()
INFO - 2024-03-06 16:18:40 --> Session: Class initialized using 'CodeIgniter\Session\Handlers\FileHandler' driver.
INFO - 2024-03-06 16:18:42 --> Session: Class initialized using 'CodeIgniter\Session\Handlers\FileHandler' driver.
INFO - 2024-03-06 16:18:47 --> Session: Class initialized using 'CodeIgniter\Session\Handlers\FileHandler' driver.
INFO - 2024-03-06 16:18:58 --> Session: Class initialized using 'CodeIgniter\Session\Handlers\FileHandler' driver.
INFO - 2024-03-06 16:19:58 --> Session: Class initialized using 'CodeIgniter\Session\Handlers\FileHandler' driver.
INFO - 2024-03-06 16:19:59 --> Session: Class initialized using 'CodeIgniter\Session\Handlers\FileHandler' driver.
INFO - 2024-03-06 16:20:02 --> Session: Class initialized using 'CodeIgniter\Session\Handlers\FileHandler' driver.
INFO - 2024-03-06 16:20:09 --> Session: Class initialized using 'CodeIgniter\Session\Handlers\FileHandler' driver.
INFO - 2024-03-06 16:20:09 --> Session: Class initialized using 'CodeIgniter\Session\Handlers\FileHandler' driver.
INFO - 2024-03-06 16:20:22 --> Session: Class initialized using 'CodeIgniter\Session\Handlers\FileHandler' driver.
INFO - 2024-03-06 16:20:24 --> Session: Class initialized using 'CodeIgniter\Session\Handlers\FileHandler' driver.
INFO - 2024-03-06 16:21:07 --> Session: Class initialized using 'CodeIgniter\Session\Handlers\FileHandler' driver.
INFO - 2024-03-06 16:21:09 --> Session: Class initialized using 'CodeIgniter\Session\Handlers\FileHandler' driver.
INFO - 2024-03-06 16:21:10 --> Session: Class initialized using 'CodeIgniter\Session\Handlers\FileHandler' driver.
CRITICAL - 2024-03-06 16:21:10 --> Undefined property: stdClass::$Ci
in APPPATH\Controllers\contrato.php on line 62.
 1 APPPATH\Controllers\contrato.php(62): CodeIgniter\Debug\Exceptions->errorHandler(2, 'Undefined property: stdClass::$Ci', 'C:\\xamppp\\htdocs\\adminlte\\app\\Controllers\\contrato.php', 62)
 2 SYSTEMPATH\CodeIgniter.php(919): App\Controllers\contrato->crearContrato()
 3 SYSTEMPATH\CodeIgniter.php(494): CodeIgniter\CodeIgniter->runController(Object(App\Controllers\contrato))
 4 SYSTEMPATH\CodeIgniter.php(353): CodeIgniter\CodeIgniter->handleRequest(null, Object(Config\Cache), false)
 5 FCPATH\index.php(79): CodeIgniter\CodeIgniter->run()
INFO - 2024-03-06 16:23:05 --> Session: Class initialized using 'CodeIgniter\Session\Handlers\FileHandler' driver.
INFO - 2024-03-06 16:23:07 --> Session: Class initialized using 'CodeIgniter\Session\Handlers\FileHandler' driver.
ERROR - 2024-03-06 16:23:07 --> mysqli_sql_exception: Cannot add or update a child row: a foreign key constraint fails (`dni_bolivia`.`contratos`, CONSTRAINT `contratos_ibfk_1` FOREIGN KEY (`id_empleado_c`) REFERENCES `reportes` (`Idreporte`)) in C:\xamppp\htdocs\adminlte\system\Database\MySQLi\Connection.php:306
Stack trace:
#0 C:\xamppp\htdocs\adminlte\system\Database\MySQLi\Connection.php(306): mysqli->query('INSERT INTO `co...', 0)
#1 C:\xamppp\htdocs\adminlte\system\Database\BaseConnection.php(692): CodeIgniter\Database\MySQLi\Connection->execute('INSERT INTO `co...')
#2 C:\xamppp\htdocs\adminlte\system\Database\BaseConnection.php(606): CodeIgniter\Database\BaseConnection->simpleQuery('INSERT INTO `co...')
#3 C:\xamppp\htdocs\adminlte\system\Database\BaseBuilder.php(2308): CodeIgniter\Database\BaseConnection->query('INSERT INTO `co...', Array, false)
#4 C:\xamppp\htdocs\adminlte\system\Model.php(319): CodeIgniter\Database\BaseBuilder->insert()
#5 C:\xamppp\htdocs\adminlte\system\BaseModel.php(788): CodeIgniter\Model->doInsert(Array)
#6 C:\xamppp\htdocs\adminlte\system\Model.php(715): CodeIgniter\BaseModel->insert(Array, true)
#7 C:\xamppp\htdocs\adminlte\app\Controllers\contrato.php(101): CodeIgniter\Model->insert(Array)
#8 C:\xamppp\htdocs\adminlte\system\CodeIgniter.php(919): App\Controllers\contrato->crearContrato()
#9 C:\xamppp\htdocs\adminlte\system\CodeIgniter.php(494): CodeIgniter\CodeIgniter->runController(Object(App\Controllers\contrato))
#10 C:\xamppp\htdocs\adminlte\system\CodeIgniter.php(353): CodeIgniter\CodeIgniter->handleRequest(NULL, Object(Config\Cache), false)
#11 C:\xamppp\htdocs\adminlte\public\index.php(79): CodeIgniter\CodeIgniter->run()
#12 {main}
CRITICAL - 2024-03-06 16:23:07 --> Cannot add or update a child row: a foreign key constraint fails (`dni_bolivia`.`contratos`, CONSTRAINT `contratos_ibfk_1` FOREIGN KEY (`id_empleado_c`) REFERENCES `reportes` (`Idreporte`))
in SYSTEMPATH\Database\BaseConnection.php on line 646.
 1 SYSTEMPATH\Database\BaseBuilder.php(2308): CodeIgniter\Database\BaseConnection->query('INSERT INTO `contratos` (`id_empleado_c`, `archivo_c`, `tipo_contrato_c`, `fecha_inicio_contrato_c`, `fecha_finalizacion_contrato_c`, `usuario_creator_c`, `fecha_creacion_c`, `fecha_modificacion_c`) VALUES (:id_empleado_c:, :archivo_c:, :tipo_contrato_c:, :fecha_inicio_contrato_c:, :fecha_finalizacion_contrato_c:, :usuario_creator_c:, :fecha_creacion_c:, :fecha_modificacion_c:)', [...], false)
 2 SYSTEMPATH\Model.php(319): CodeIgniter\Database\BaseBuilder->insert()
 3 SYSTEMPATH\BaseModel.php(788): CodeIgniter\Model->doInsert([...])
 4 SYSTEMPATH\Model.php(715): CodeIgniter\BaseModel->insert([...], true)
 5 APPPATH\Controllers\contrato.php(101): CodeIgniter\Model->insert([...])
 6 SYSTEMPATH\CodeIgniter.php(919): App\Controllers\contrato->crearContrato()
 7 SYSTEMPATH\CodeIgniter.php(494): CodeIgniter\CodeIgniter->runController(Object(App\Controllers\contrato))
 8 SYSTEMPATH\CodeIgniter.php(353): CodeIgniter\CodeIgniter->handleRequest(null, Object(Config\Cache), false)
 9 FCPATH\index.php(79): CodeIgniter\CodeIgniter->run()
INFO - 2024-03-06 16:23:11 --> Session: Class initialized using 'CodeIgniter\Session\Handlers\FileHandler' driver.
INFO - 2024-03-06 16:23:12 --> Session: Class initialized using 'CodeIgniter\Session\Handlers\FileHandler' driver.
ERROR - 2024-03-06 16:23:12 --> mysqli_sql_exception: Cannot add or update a child row: a foreign key constraint fails (`dni_bolivia`.`contratos`, CONSTRAINT `contratos_ibfk_1` FOREIGN KEY (`id_empleado_c`) REFERENCES `reportes` (`Idreporte`)) in C:\xamppp\htdocs\adminlte\system\Database\MySQLi\Connection.php:306
Stack trace:
#0 C:\xamppp\htdocs\adminlte\system\Database\MySQLi\Connection.php(306): mysqli->query('INSERT INTO `co...', 0)
#1 C:\xamppp\htdocs\adminlte\system\Database\BaseConnection.php(692): CodeIgniter\Database\MySQLi\Connection->execute('INSERT INTO `co...')
#2 C:\xamppp\htdocs\adminlte\system\Database\BaseConnection.php(606): CodeIgniter\Database\BaseConnection->simpleQuery('INSERT INTO `co...')
#3 C:\xamppp\htdocs\adminlte\system\Database\BaseBuilder.php(2308): CodeIgniter\Database\BaseConnection->query('INSERT INTO `co...', Array, false)
#4 C:\xamppp\htdocs\adminlte\system\Model.php(319): CodeIgniter\Database\BaseBuilder->insert()
#5 C:\xamppp\htdocs\adminlte\system\BaseModel.php(788): CodeIgniter\Model->doInsert(Array)
#6 C:\xamppp\htdocs\adminlte\system\Model.php(715): CodeIgniter\BaseModel->insert(Array, true)
#7 C:\xamppp\htdocs\adminlte\app\Controllers\contrato.php(101): CodeIgniter\Model->insert(Array)
#8 C:\xamppp\htdocs\adminlte\system\CodeIgniter.php(919): App\Controllers\contrato->crearContrato()
#9 C:\xamppp\htdocs\adminlte\system\CodeIgniter.php(494): CodeIgniter\CodeIgniter->runController(Object(App\Controllers\contrato))
#10 C:\xamppp\htdocs\adminlte\system\CodeIgniter.php(353): CodeIgniter\CodeIgniter->handleRequest(NULL, Object(Config\Cache), false)
#11 C:\xamppp\htdocs\adminlte\public\index.php(79): CodeIgniter\CodeIgniter->run()
#12 {main}
CRITICAL - 2024-03-06 16:23:12 --> Cannot add or update a child row: a foreign key constraint fails (`dni_bolivia`.`contratos`, CONSTRAINT `contratos_ibfk_1` FOREIGN KEY (`id_empleado_c`) REFERENCES `reportes` (`Idreporte`))
in SYSTEMPATH\Database\BaseConnection.php on line 646.
 1 SYSTEMPATH\Database\BaseBuilder.php(2308): CodeIgniter\Database\BaseConnection->query('INSERT INTO `contratos` (`id_empleado_c`, `archivo_c`, `tipo_contrato_c`, `fecha_inicio_contrato_c`, `fecha_finalizacion_contrato_c`, `usuario_creator_c`, `fecha_creacion_c`, `fecha_modificacion_c`) VALUES (:id_empleado_c:, :archivo_c:, :tipo_contrato_c:, :fecha_inicio_contrato_c:, :fecha_finalizacion_contrato_c:, :usuario_creator_c:, :fecha_creacion_c:, :fecha_modificacion_c:)', [...], false)
 2 SYSTEMPATH\Model.php(319): CodeIgniter\Database\BaseBuilder->insert()
 3 SYSTEMPATH\BaseModel.php(788): CodeIgniter\Model->doInsert([...])
 4 SYSTEMPATH\Model.php(715): CodeIgniter\BaseModel->insert([...], true)
 5 APPPATH\Controllers\contrato.php(101): CodeIgniter\Model->insert([...])
 6 SYSTEMPATH\CodeIgniter.php(919): App\Controllers\contrato->crearContrato()
 7 SYSTEMPATH\CodeIgniter.php(494): CodeIgniter\CodeIgniter->runController(Object(App\Controllers\contrato))
 8 SYSTEMPATH\CodeIgniter.php(353): CodeIgniter\CodeIgniter->handleRequest(null, Object(Config\Cache), false)
 9 FCPATH\index.php(79): CodeIgniter\CodeIgniter->run()
INFO - 2024-03-06 16:23:43 --> Session: Class initialized using 'CodeIgniter\Session\Handlers\FileHandler' driver.
INFO - 2024-03-06 16:23:49 --> Session: Class initialized using 'CodeIgniter\Session\Handlers\FileHandler' driver.
INFO - 2024-03-06 16:23:49 --> Session: Class initialized using 'CodeIgniter\Session\Handlers\FileHandler' driver.
INFO - 2024-03-06 16:23:54 --> Session: Class initialized using 'CodeIgniter\Session\Handlers\FileHandler' driver.
INFO - 2024-03-06 16:23:58 --> Session: Class initialized using 'CodeIgniter\Session\Handlers\FileHandler' driver.
ERROR - 2024-03-06 16:23:58 --> mysqli_sql_exception: Cannot add or update a child row: a foreign key constraint fails (`dni_bolivia`.`contratos`, CONSTRAINT `contratos_ibfk_1` FOREIGN KEY (`id_empleado_c`) REFERENCES `reportes` (`Idreporte`)) in C:\xamppp\htdocs\adminlte\system\Database\MySQLi\Connection.php:306
Stack trace:
#0 C:\xamppp\htdocs\adminlte\system\Database\MySQLi\Connection.php(306): mysqli->query('INSERT INTO `co...', 0)
#1 C:\xamppp\htdocs\adminlte\system\Database\BaseConnection.php(692): CodeIgniter\Database\MySQLi\Connection->execute('INSERT INTO `co...')
#2 C:\xamppp\htdocs\adminlte\system\Database\BaseConnection.php(606): CodeIgniter\Database\BaseConnection->simpleQuery('INSERT INTO `co...')
#3 C:\xamppp\htdocs\adminlte\system\Database\BaseBuilder.php(2308): CodeIgniter\Database\BaseConnection->query('INSERT INTO `co...', Array, false)
#4 C:\xamppp\htdocs\adminlte\system\Model.php(319): CodeIgniter\Database\BaseBuilder->insert()
#5 C:\xamppp\htdocs\adminlte\system\BaseModel.php(788): CodeIgniter\Model->doInsert(Array)
#6 C:\xamppp\htdocs\adminlte\system\Model.php(715): CodeIgniter\BaseModel->insert(Array, true)
#7 C:\xamppp\htdocs\adminlte\app\Controllers\contrato.php(101): CodeIgniter\Model->insert(Array)
#8 C:\xamppp\htdocs\adminlte\system\CodeIgniter.php(919): App\Controllers\contrato->crearContrato()
#9 C:\xamppp\htdocs\adminlte\system\CodeIgniter.php(494): CodeIgniter\CodeIgniter->runController(Object(App\Controllers\contrato))
#10 C:\xamppp\htdocs\adminlte\system\CodeIgniter.php(353): CodeIgniter\CodeIgniter->handleRequest(NULL, Object(Config\Cache), false)
#11 C:\xamppp\htdocs\adminlte\public\index.php(79): CodeIgniter\CodeIgniter->run()
#12 {main}
CRITICAL - 2024-03-06 16:23:58 --> Cannot add or update a child row: a foreign key constraint fails (`dni_bolivia`.`contratos`, CONSTRAINT `contratos_ibfk_1` FOREIGN KEY (`id_empleado_c`) REFERENCES `reportes` (`Idreporte`))
in SYSTEMPATH\Database\BaseConnection.php on line 646.
 1 SYSTEMPATH\Database\BaseBuilder.php(2308): CodeIgniter\Database\BaseConnection->query('INSERT INTO `contratos` (`id_empleado_c`, `archivo_c`, `tipo_contrato_c`, `fecha_inicio_contrato_c`, `fecha_finalizacion_contrato_c`, `usuario_creator_c`, `fecha_creacion_c`, `fecha_modificacion_c`) VALUES (:id_empleado_c:, :archivo_c:, :tipo_contrato_c:, :fecha_inicio_contrato_c:, :fecha_finalizacion_contrato_c:, :usuario_creator_c:, :fecha_creacion_c:, :fecha_modificacion_c:)', [...], false)
 2 SYSTEMPATH\Model.php(319): CodeIgniter\Database\BaseBuilder->insert()
 3 SYSTEMPATH\BaseModel.php(788): CodeIgniter\Model->doInsert([...])
 4 SYSTEMPATH\Model.php(715): CodeIgniter\BaseModel->insert([...], true)
 5 APPPATH\Controllers\contrato.php(101): CodeIgniter\Model->insert([...])
 6 SYSTEMPATH\CodeIgniter.php(919): App\Controllers\contrato->crearContrato()
 7 SYSTEMPATH\CodeIgniter.php(494): CodeIgniter\CodeIgniter->runController(Object(App\Controllers\contrato))
 8 SYSTEMPATH\CodeIgniter.php(353): CodeIgniter\CodeIgniter->handleRequest(null, Object(Config\Cache), false)
 9 FCPATH\index.php(79): CodeIgniter\CodeIgniter->run()
INFO - 2024-03-06 16:25:03 --> Session: Class initialized using 'CodeIgniter\Session\Handlers\FileHandler' driver.
INFO - 2024-03-06 16:25:06 --> Session: Class initialized using 'CodeIgniter\Session\Handlers\FileHandler' driver.
INFO - 2024-03-06 16:26:12 --> Session: Class initialized using 'CodeIgniter\Session\Handlers\FileHandler' driver.
INFO - 2024-03-06 16:26:14 --> Session: Class initialized using 'CodeIgniter\Session\Handlers\FileHandler' driver.
ERROR - 2024-03-06 16:26:14 --> mysqli_sql_exception: Cannot add or update a child row: a foreign key constraint fails (`dni_bolivia`.`contratos`, CONSTRAINT `contratos_ibfk_1` FOREIGN KEY (`id_empleado_c`) REFERENCES `reportes` (`Idreporte`)) in C:\xamppp\htdocs\adminlte\system\Database\MySQLi\Connection.php:306
Stack trace:
#0 C:\xamppp\htdocs\adminlte\system\Database\MySQLi\Connection.php(306): mysqli->query('INSERT INTO `co...', 0)
#1 C:\xamppp\htdocs\adminlte\system\Database\BaseConnection.php(692): CodeIgniter\Database\MySQLi\Connection->execute('INSERT INTO `co...')
#2 C:\xamppp\htdocs\adminlte\system\Database\BaseConnection.php(606): CodeIgniter\Database\BaseConnection->simpleQuery('INSERT INTO `co...')
#3 C:\xamppp\htdocs\adminlte\system\Database\BaseBuilder.php(2308): CodeIgniter\Database\BaseConnection->query('INSERT INTO `co...', Array, false)
#4 C:\xamppp\htdocs\adminlte\system\Model.php(319): CodeIgniter\Database\BaseBuilder->insert()
#5 C:\xamppp\htdocs\adminlte\system\BaseModel.php(788): CodeIgniter\Model->doInsert(Array)
#6 C:\xamppp\htdocs\adminlte\system\Model.php(715): CodeIgniter\BaseModel->insert(Array, true)
#7 C:\xamppp\htdocs\adminlte\app\Controllers\contrato.php(101): CodeIgniter\Model->insert(Array)
#8 C:\xamppp\htdocs\adminlte\system\CodeIgniter.php(919): App\Controllers\contrato->crearContrato()
#9 C:\xamppp\htdocs\adminlte\system\CodeIgniter.php(494): CodeIgniter\CodeIgniter->runController(Object(App\Controllers\contrato))
#10 C:\xamppp\htdocs\adminlte\system\CodeIgniter.php(353): CodeIgniter\CodeIgniter->handleRequest(NULL, Object(Config\Cache), false)
#11 C:\xamppp\htdocs\adminlte\public\index.php(79): CodeIgniter\CodeIgniter->run()
#12 {main}
CRITICAL - 2024-03-06 16:26:14 --> Cannot add or update a child row: a foreign key constraint fails (`dni_bolivia`.`contratos`, CONSTRAINT `contratos_ibfk_1` FOREIGN KEY (`id_empleado_c`) REFERENCES `reportes` (`Idreporte`))
in SYSTEMPATH\Database\BaseConnection.php on line 646.
 1 SYSTEMPATH\Database\BaseBuilder.php(2308): CodeIgniter\Database\BaseConnection->query('INSERT INTO `contratos` (`id_empleado_c`, `archivo_c`, `tipo_contrato_c`, `fecha_inicio_contrato_c`, `fecha_finalizacion_contrato_c`, `usuario_creator_c`, `fecha_creacion_c`, `fecha_modificacion_c`) VALUES (:id_empleado_c:, :archivo_c:, :tipo_contrato_c:, :fecha_inicio_contrato_c:, :fecha_finalizacion_contrato_c:, :usuario_creator_c:, :fecha_creacion_c:, :fecha_modificacion_c:)', [...], false)
 2 SYSTEMPATH\Model.php(319): CodeIgniter\Database\BaseBuilder->insert()
 3 SYSTEMPATH\BaseModel.php(788): CodeIgniter\Model->doInsert([...])
 4 SYSTEMPATH\Model.php(715): CodeIgniter\BaseModel->insert([...], true)
 5 APPPATH\Controllers\contrato.php(101): CodeIgniter\Model->insert([...])
 6 SYSTEMPATH\CodeIgniter.php(919): App\Controllers\contrato->crearContrato()
 7 SYSTEMPATH\CodeIgniter.php(494): CodeIgniter\CodeIgniter->runController(Object(App\Controllers\contrato))
 8 SYSTEMPATH\CodeIgniter.php(353): CodeIgniter\CodeIgniter->handleRequest(null, Object(Config\Cache), false)
 9 FCPATH\index.php(79): CodeIgniter\CodeIgniter->run()
INFO - 2024-03-06 16:36:02 --> Session: Class initialized using 'CodeIgniter\Session\Handlers\FileHandler' driver.
INFO - 2024-03-06 16:36:03 --> Session: Class initialized using 'CodeIgniter\Session\Handlers\FileHandler' driver.
ERROR - 2024-03-06 16:36:03 --> mysqli_sql_exception: Cannot add or update a child row: a foreign key constraint fails (`dni_bolivia`.`contratos`, CONSTRAINT `contratos_ibfk_1` FOREIGN KEY (`id_empleado_c`) REFERENCES `reportes` (`Idreporte`)) in C:\xamppp\htdocs\adminlte\system\Database\MySQLi\Connection.php:306
Stack trace:
#0 C:\xamppp\htdocs\adminlte\system\Database\MySQLi\Connection.php(306): mysqli->query('INSERT INTO `co...', 0)
#1 C:\xamppp\htdocs\adminlte\system\Database\BaseConnection.php(692): CodeIgniter\Database\MySQLi\Connection->execute('INSERT INTO `co...')
#2 C:\xamppp\htdocs\adminlte\system\Database\BaseConnection.php(606): CodeIgniter\Database\BaseConnection->simpleQuery('INSERT INTO `co...')
#3 C:\xamppp\htdocs\adminlte\system\Database\BaseBuilder.php(2308): CodeIgniter\Database\BaseConnection->query('INSERT INTO `co...', Array, false)
#4 C:\xamppp\htdocs\adminlte\system\Model.php(319): CodeIgniter\Database\BaseBuilder->insert()
#5 C:\xamppp\htdocs\adminlte\system\BaseModel.php(788): CodeIgniter\Model->doInsert(Array)
#6 C:\xamppp\htdocs\adminlte\system\Model.php(715): CodeIgniter\BaseModel->insert(Array, true)
#7 C:\xamppp\htdocs\adminlte\app\Controllers\contrato.php(101): CodeIgniter\Model->insert(Array)
#8 C:\xamppp\htdocs\adminlte\system\CodeIgniter.php(919): App\Controllers\contrato->crearContrato()
#9 C:\xamppp\htdocs\adminlte\system\CodeIgniter.php(494): CodeIgniter\CodeIgniter->runController(Object(App\Controllers\contrato))
#10 C:\xamppp\htdocs\adminlte\system\CodeIgniter.php(353): CodeIgniter\CodeIgniter->handleRequest(NULL, Object(Config\Cache), false)
#11 C:\xamppp\htdocs\adminlte\public\index.php(79): CodeIgniter\CodeIgniter->run()
#12 {main}
CRITICAL - 2024-03-06 16:36:03 --> Cannot add or update a child row: a foreign key constraint fails (`dni_bolivia`.`contratos`, CONSTRAINT `contratos_ibfk_1` FOREIGN KEY (`id_empleado_c`) REFERENCES `reportes` (`Idreporte`))
in SYSTEMPATH\Database\BaseConnection.php on line 646.
 1 SYSTEMPATH\Database\BaseBuilder.php(2308): CodeIgniter\Database\BaseConnection->query('INSERT INTO `contratos` (`id_empleado_c`, `archivo_c`, `tipo_contrato_c`, `fecha_inicio_contrato_c`, `fecha_finalizacion_contrato_c`, `usuario_creator_c`, `fecha_creacion_c`, `fecha_modificacion_c`) VALUES (:id_empleado_c:, :archivo_c:, :tipo_contrato_c:, :fecha_inicio_contrato_c:, :fecha_finalizacion_contrato_c:, :usuario_creator_c:, :fecha_creacion_c:, :fecha_modificacion_c:)', [...], false)
 2 SYSTEMPATH\Model.php(319): CodeIgniter\Database\BaseBuilder->insert()
 3 SYSTEMPATH\BaseModel.php(788): CodeIgniter\Model->doInsert([...])
 4 SYSTEMPATH\Model.php(715): CodeIgniter\BaseModel->insert([...], true)
 5 APPPATH\Controllers\contrato.php(101): CodeIgniter\Model->insert([...])
 6 SYSTEMPATH\CodeIgniter.php(919): App\Controllers\contrato->crearContrato()
 7 SYSTEMPATH\CodeIgniter.php(494): CodeIgniter\CodeIgniter->runController(Object(App\Controllers\contrato))
 8 SYSTEMPATH\CodeIgniter.php(353): CodeIgniter\CodeIgniter->handleRequest(null, Object(Config\Cache), false)
 9 FCPATH\index.php(79): CodeIgniter\CodeIgniter->run()
INFO - 2024-03-06 16:36:12 --> Session: Class initialized using 'CodeIgniter\Session\Handlers\FileHandler' driver.
INFO - 2024-03-06 16:36:33 --> Session: Class initialized using 'CodeIgniter\Session\Handlers\FileHandler' driver.
ERROR - 2024-03-06 16:36:33 --> mysqli_sql_exception: Cannot add or update a child row: a foreign key constraint fails (`dni_bolivia`.`contratos`, CONSTRAINT `fk_contratos_consultoria` FOREIGN KEY (`id_empleado_c`) REFERENCES `registroconsultoria` (`consultoria_id_n`)) in C:\xamppp\htdocs\adminlte\system\Database\MySQLi\Connection.php:306
Stack trace:
#0 C:\xamppp\htdocs\adminlte\system\Database\MySQLi\Connection.php(306): mysqli->query('INSERT INTO `co...', 0)
#1 C:\xamppp\htdocs\adminlte\system\Database\BaseConnection.php(692): CodeIgniter\Database\MySQLi\Connection->execute('INSERT INTO `co...')
#2 C:\xamppp\htdocs\adminlte\system\Database\BaseConnection.php(606): CodeIgniter\Database\BaseConnection->simpleQuery('INSERT INTO `co...')
#3 C:\xamppp\htdocs\adminlte\system\Database\BaseBuilder.php(2308): CodeIgniter\Database\BaseConnection->query('INSERT INTO `co...', Array, false)
#4 C:\xamppp\htdocs\adminlte\system\Model.php(319): CodeIgniter\Database\BaseBuilder->insert()
#5 C:\xamppp\htdocs\adminlte\system\BaseModel.php(788): CodeIgniter\Model->doInsert(Array)
#6 C:\xamppp\htdocs\adminlte\system\Model.php(715): CodeIgniter\BaseModel->insert(Array, true)
#7 C:\xamppp\htdocs\adminlte\app\Controllers\contrato.php(101): CodeIgniter\Model->insert(Array)
#8 C:\xamppp\htdocs\adminlte\system\CodeIgniter.php(919): App\Controllers\contrato->crearContrato()
#9 C:\xamppp\htdocs\adminlte\system\CodeIgniter.php(494): CodeIgniter\CodeIgniter->runController(Object(App\Controllers\contrato))
#10 C:\xamppp\htdocs\adminlte\system\CodeIgniter.php(353): CodeIgniter\CodeIgniter->handleRequest(NULL, Object(Config\Cache), false)
#11 C:\xamppp\htdocs\adminlte\public\index.php(79): CodeIgniter\CodeIgniter->run()
#12 {main}
CRITICAL - 2024-03-06 16:36:33 --> Cannot add or update a child row: a foreign key constraint fails (`dni_bolivia`.`contratos`, CONSTRAINT `fk_contratos_consultoria` FOREIGN KEY (`id_empleado_c`) REFERENCES `registroconsultoria` (`consultoria_id_n`))
in SYSTEMPATH\Database\BaseConnection.php on line 646.
 1 SYSTEMPATH\Database\BaseBuilder.php(2308): CodeIgniter\Database\BaseConnection->query('INSERT INTO `contratos` (`id_empleado_c`, `archivo_c`, `tipo_contrato_c`, `fecha_inicio_contrato_c`, `fecha_finalizacion_contrato_c`, `usuario_creator_c`, `fecha_creacion_c`, `fecha_modificacion_c`) VALUES (:id_empleado_c:, :archivo_c:, :tipo_contrato_c:, :fecha_inicio_contrato_c:, :fecha_finalizacion_contrato_c:, :usuario_creator_c:, :fecha_creacion_c:, :fecha_modificacion_c:)', [...], false)
 2 SYSTEMPATH\Model.php(319): CodeIgniter\Database\BaseBuilder->insert()
 3 SYSTEMPATH\BaseModel.php(788): CodeIgniter\Model->doInsert([...])
 4 SYSTEMPATH\Model.php(715): CodeIgniter\BaseModel->insert([...], true)
 5 APPPATH\Controllers\contrato.php(101): CodeIgniter\Model->insert([...])
 6 SYSTEMPATH\CodeIgniter.php(919): App\Controllers\contrato->crearContrato()
 7 SYSTEMPATH\CodeIgniter.php(494): CodeIgniter\CodeIgniter->runController(Object(App\Controllers\contrato))
 8 SYSTEMPATH\CodeIgniter.php(353): CodeIgniter\CodeIgniter->handleRequest(null, Object(Config\Cache), false)
 9 FCPATH\index.php(79): CodeIgniter\CodeIgniter->run()
INFO - 2024-03-06 16:37:26 --> Session: Class initialized using 'CodeIgniter\Session\Handlers\FileHandler' driver.
INFO - 2024-03-06 16:37:30 --> Session: Class initialized using 'CodeIgniter\Session\Handlers\FileHandler' driver.
INFO - 2024-03-06 16:37:32 --> Session: Class initialized using 'CodeIgniter\Session\Handlers\FileHandler' driver.
INFO - 2024-03-06 16:37:41 --> Session: Class initialized using 'CodeIgniter\Session\Handlers\FileHandler' driver.
ERROR - 2024-03-06 16:37:41 --> mysqli_sql_exception: Cannot add or update a child row: a foreign key constraint fails (`dni_bolivia`.`contratos`, CONSTRAINT `fk_contratos_consultoria` FOREIGN KEY (`id_empleado_c`) REFERENCES `registroconsultoria` (`consultoria_id_n`)) in C:\xamppp\htdocs\adminlte\system\Database\MySQLi\Connection.php:306
Stack trace:
#0 C:\xamppp\htdocs\adminlte\system\Database\MySQLi\Connection.php(306): mysqli->query('INSERT INTO `co...', 0)
#1 C:\xamppp\htdocs\adminlte\system\Database\BaseConnection.php(692): CodeIgniter\Database\MySQLi\Connection->execute('INSERT INTO `co...')
#2 C:\xamppp\htdocs\adminlte\system\Database\BaseConnection.php(606): CodeIgniter\Database\BaseConnection->simpleQuery('INSERT INTO `co...')
#3 C:\xamppp\htdocs\adminlte\system\Database\BaseBuilder.php(2308): CodeIgniter\Database\BaseConnection->query('INSERT INTO `co...', Array, false)
#4 C:\xamppp\htdocs\adminlte\system\Model.php(319): CodeIgniter\Database\BaseBuilder->insert()
#5 C:\xamppp\htdocs\adminlte\system\BaseModel.php(788): CodeIgniter\Model->doInsert(Array)
#6 C:\xamppp\htdocs\adminlte\system\Model.php(715): CodeIgniter\BaseModel->insert(Array, true)
#7 C:\xamppp\htdocs\adminlte\app\Controllers\contrato.php(101): CodeIgniter\Model->insert(Array)
#8 C:\xamppp\htdocs\adminlte\system\CodeIgniter.php(919): App\Controllers\contrato->crearContrato()
#9 C:\xamppp\htdocs\adminlte\system\CodeIgniter.php(494): CodeIgniter\CodeIgniter->runController(Object(App\Controllers\contrato))
#10 C:\xamppp\htdocs\adminlte\system\CodeIgniter.php(353): CodeIgniter\CodeIgniter->handleRequest(NULL, Object(Config\Cache), false)
#11 C:\xamppp\htdocs\adminlte\public\index.php(79): CodeIgniter\CodeIgniter->run()
#12 {main}
CRITICAL - 2024-03-06 16:37:41 --> Cannot add or update a child row: a foreign key constraint fails (`dni_bolivia`.`contratos`, CONSTRAINT `fk_contratos_consultoria` FOREIGN KEY (`id_empleado_c`) REFERENCES `registroconsultoria` (`consultoria_id_n`))
in SYSTEMPATH\Database\BaseConnection.php on line 646.
 1 SYSTEMPATH\Database\BaseBuilder.php(2308): CodeIgniter\Database\BaseConnection->query('INSERT INTO `contratos` (`id_empleado_c`, `archivo_c`, `tipo_contrato_c`, `fecha_inicio_contrato_c`, `fecha_finalizacion_contrato_c`, `usuario_creator_c`, `fecha_creacion_c`, `fecha_modificacion_c`) VALUES (:id_empleado_c:, :archivo_c:, :tipo_contrato_c:, :fecha_inicio_contrato_c:, :fecha_finalizacion_contrato_c:, :usuario_creator_c:, :fecha_creacion_c:, :fecha_modificacion_c:)', [...], false)
 2 SYSTEMPATH\Model.php(319): CodeIgniter\Database\BaseBuilder->insert()
 3 SYSTEMPATH\BaseModel.php(788): CodeIgniter\Model->doInsert([...])
 4 SYSTEMPATH\Model.php(715): CodeIgniter\BaseModel->insert([...], true)
 5 APPPATH\Controllers\contrato.php(101): CodeIgniter\Model->insert([...])
 6 SYSTEMPATH\CodeIgniter.php(919): App\Controllers\contrato->crearContrato()
 7 SYSTEMPATH\CodeIgniter.php(494): CodeIgniter\CodeIgniter->runController(Object(App\Controllers\contrato))
 8 SYSTEMPATH\CodeIgniter.php(353): CodeIgniter\CodeIgniter->handleRequest(null, Object(Config\Cache), false)
 9 FCPATH\index.php(79): CodeIgniter\CodeIgniter->run()
INFO - 2024-03-06 16:45:52 --> Session: Class initialized using 'CodeIgniter\Session\Handlers\FileHandler' driver.
INFO - 2024-03-06 16:45:53 --> Session: Class initialized using 'CodeIgniter\Session\Handlers\FileHandler' driver.
INFO - 2024-03-06 16:45:53 --> Session: Class initialized using 'CodeIgniter\Session\Handlers\FileHandler' driver.
INFO - 2024-03-06 16:46:14 --> Session: Class initialized using 'CodeIgniter\Session\Handlers\FileHandler' driver.
INFO - 2024-03-06 16:46:16 --> Session: Class initialized using 'CodeIgniter\Session\Handlers\FileHandler' driver.
ERROR - 2024-03-06 16:46:16 --> mysqli_sql_exception: Cannot add or update a child row: a foreign key constraint fails (`dni_bolivia`.`contratos`, CONSTRAINT `contratos_ibfk_1` FOREIGN KEY (`id_empleado_c`) REFERENCES `reportes` (`Idreporte`)) in C:\xamppp\htdocs\adminlte\system\Database\MySQLi\Connection.php:306
Stack trace:
#0 C:\xamppp\htdocs\adminlte\system\Database\MySQLi\Connection.php(306): mysqli->query('INSERT INTO `co...', 0)
#1 C:\xamppp\htdocs\adminlte\system\Database\BaseConnection.php(692): CodeIgniter\Database\MySQLi\Connection->execute('INSERT INTO `co...')
#2 C:\xamppp\htdocs\adminlte\system\Database\BaseConnection.php(606): CodeIgniter\Database\BaseConnection->simpleQuery('INSERT INTO `co...')
#3 C:\xamppp\htdocs\adminlte\system\Database\BaseBuilder.php(2308): CodeIgniter\Database\BaseConnection->query('INSERT INTO `co...', Array, false)
#4 C:\xamppp\htdocs\adminlte\system\Model.php(319): CodeIgniter\Database\BaseBuilder->insert()
#5 C:\xamppp\htdocs\adminlte\system\BaseModel.php(788): CodeIgniter\Model->doInsert(Array)
#6 C:\xamppp\htdocs\adminlte\system\Model.php(715): CodeIgniter\BaseModel->insert(Array, true)
#7 C:\xamppp\htdocs\adminlte\app\Controllers\contrato.php(101): CodeIgniter\Model->insert(Array)
#8 C:\xamppp\htdocs\adminlte\system\CodeIgniter.php(919): App\Controllers\contrato->crearContrato()
#9 C:\xamppp\htdocs\adminlte\system\CodeIgniter.php(494): CodeIgniter\CodeIgniter->runController(Object(App\Controllers\contrato))
#10 C:\xamppp\htdocs\adminlte\system\CodeIgniter.php(353): CodeIgniter\CodeIgniter->handleRequest(NULL, Object(Config\Cache), false)
#11 C:\xamppp\htdocs\adminlte\public\index.php(79): CodeIgniter\CodeIgniter->run()
#12 {main}
CRITICAL - 2024-03-06 16:46:16 --> Cannot add or update a child row: a foreign key constraint fails (`dni_bolivia`.`contratos`, CONSTRAINT `contratos_ibfk_1` FOREIGN KEY (`id_empleado_c`) REFERENCES `reportes` (`Idreporte`))
in SYSTEMPATH\Database\BaseConnection.php on line 646.
 1 SYSTEMPATH\Database\BaseBuilder.php(2308): CodeIgniter\Database\BaseConnection->query('INSERT INTO `contratos` (`id_empleado_c`, `archivo_c`, `tipo_contrato_c`, `fecha_inicio_contrato_c`, `fecha_finalizacion_contrato_c`, `usuario_creator_c`, `fecha_creacion_c`, `fecha_modificacion_c`) VALUES (:id_empleado_c:, :archivo_c:, :tipo_contrato_c:, :fecha_inicio_contrato_c:, :fecha_finalizacion_contrato_c:, :usuario_creator_c:, :fecha_creacion_c:, :fecha_modificacion_c:)', [...], false)
 2 SYSTEMPATH\Model.php(319): CodeIgniter\Database\BaseBuilder->insert()
 3 SYSTEMPATH\BaseModel.php(788): CodeIgniter\Model->doInsert([...])
 4 SYSTEMPATH\Model.php(715): CodeIgniter\BaseModel->insert([...], true)
 5 APPPATH\Controllers\contrato.php(101): CodeIgniter\Model->insert([...])
 6 SYSTEMPATH\CodeIgniter.php(919): App\Controllers\contrato->crearContrato()
 7 SYSTEMPATH\CodeIgniter.php(494): CodeIgniter\CodeIgniter->runController(Object(App\Controllers\contrato))
 8 SYSTEMPATH\CodeIgniter.php(353): CodeIgniter\CodeIgniter->handleRequest(null, Object(Config\Cache), false)
 9 FCPATH\index.php(79): CodeIgniter\CodeIgniter->run()
INFO - 2024-03-06 16:46:20 --> Session: Class initialized using 'CodeIgniter\Session\Handlers\FileHandler' driver.
INFO - 2024-03-06 16:46:26 --> Session: Class initialized using 'CodeIgniter\Session\Handlers\FileHandler' driver.
INFO - 2024-03-06 16:46:28 --> Session: Class initialized using 'CodeIgniter\Session\Handlers\FileHandler' driver.
INFO - 2024-03-06 16:46:42 --> Session: Class initialized using 'CodeIgniter\Session\Handlers\FileHandler' driver.
