INFO - 2024-02-28 11:15:54 --> Session: Class initialized using 'CodeIgniter\Session\Handlers\FileHandler' driver.
INFO - 2024-02-28 11:15:56 --> Session: Class initialized using 'CodeIgniter\Session\Handlers\FileHandler' driver.
INFO - 2024-02-28 11:15:56 --> Session: Class initialized using 'CodeIgniter\Session\Handlers\FileHandler' driver.
INFO - 2024-02-28 11:16:03 --> Session: Class initialized using 'CodeIgniter\Session\Handlers\FileHandler' driver.
INFO - 2024-02-28 11:16:06 --> Session: Class initialized using 'CodeIgniter\Session\Handlers\FileHandler' driver.
INFO - 2024-02-28 11:16:06 --> Session: Class initialized using 'CodeIgniter\Session\Handlers\FileHandler' driver.
INFO - 2024-02-28 11:16:13 --> Session: Class initialized using 'CodeIgniter\Session\Handlers\FileHandler' driver.
INFO - 2024-02-28 11:16:13 --> Session: Class initialized using 'CodeIgniter\Session\Handlers\FileHandler' driver.
INFO - 2024-02-28 11:16:23 --> Session: Class initialized using 'CodeIgniter\Session\Handlers\FileHandler' driver.
INFO - 2024-02-28 11:16:24 --> Session: Class initialized using 'CodeIgniter\Session\Handlers\FileHandler' driver.
INFO - 2024-02-28 11:16:28 --> Session: Class initialized using 'CodeIgniter\Session\Handlers\FileHandler' driver.
INFO - 2024-02-28 11:16:31 --> Session: Class initialized using 'CodeIgniter\Session\Handlers\FileHandler' driver.
INFO - 2024-02-28 11:16:33 --> Session: Class initialized using 'CodeIgniter\Session\Handlers\FileHandler' driver.
INFO - 2024-02-28 11:16:44 --> Session: Class initialized using 'CodeIgniter\Session\Handlers\FileHandler' driver.
INFO - 2024-02-28 11:16:58 --> Session: Class initialized using 'CodeIgniter\Session\Handlers\FileHandler' driver.
INFO - 2024-02-28 11:16:58 --> Session: Class initialized using 'CodeIgniter\Session\Handlers\FileHandler' driver.
INFO - 2024-02-28 11:18:48 --> Session: Class initialized using 'CodeIgniter\Session\Handlers\FileHandler' driver.
INFO - 2024-02-28 11:18:54 --> Session: Class initialized using 'CodeIgniter\Session\Handlers\FileHandler' driver.
INFO - 2024-02-28 11:18:59 --> Session: Class initialized using 'CodeIgniter\Session\Handlers\FileHandler' driver.
INFO - 2024-02-28 11:19:47 --> Session: Class initialized using 'CodeIgniter\Session\Handlers\FileHandler' driver.
INFO - 2024-02-28 11:37:07 --> Session: Class initialized using 'CodeIgniter\Session\Handlers\FileHandler' driver.
INFO - 2024-02-28 11:37:29 --> Session: Class initialized using 'CodeIgniter\Session\Handlers\FileHandler' driver.
INFO - 2024-02-28 11:37:35 --> Session: Class initialized using 'CodeIgniter\Session\Handlers\FileHandler' driver.
INFO - 2024-02-28 11:38:14 --> Session: Class initialized using 'CodeIgniter\Session\Handlers\FileHandler' driver.
INFO - 2024-02-28 11:38:17 --> Session: Class initialized using 'CodeIgniter\Session\Handlers\FileHandler' driver.
INFO - 2024-02-28 11:38:19 --> Session: Class initialized using 'CodeIgniter\Session\Handlers\FileHandler' driver.
INFO - 2024-02-28 11:39:42 --> Session: Class initialized using 'CodeIgniter\Session\Handlers\FileHandler' driver.
CRITICAL - 2024-02-28 11:39:42 --> Undefined variable $oficinas
in APPPATH\Views\consultores\crear_colsultores_natural.php on line 83.
 1 APPPATH\Views\consultores\crear_colsultores_natural.php(83): CodeIgniter\Debug\Exceptions->errorHandler(2, 'Undefined variable $oficinas', 'C:\\xamppp\\htdocs\\adminlte\\app\\Views\\consultores\\crear_colsultores_natural.php', 83)
 2 SYSTEMPATH\View\View.php(226): include('C:\\xamppp\\htdocs\\adminlte\\app\\Views\\consultores\\crear_colsultores_natural.php')
 3 SYSTEMPATH\View\View.php(229): CodeIgniter\View\View->CodeIgniter\View\{closure}()
 4 SYSTEMPATH\Common.php(1188): CodeIgniter\View\View->render('consultores/crear_colsultores_natural', [], true)
 5 APPPATH\Controllers\consultores.php(12): view('consultores/crear_colsultores_natural', [...])
 6 SYSTEMPATH\CodeIgniter.php(919): App\Controllers\consultores->vista_formulario_crear_consultores_natural()
 7 SYSTEMPATH\CodeIgniter.php(494): CodeIgniter\CodeIgniter->runController(Object(App\Controllers\consultores))
 8 SYSTEMPATH\CodeIgniter.php(353): CodeIgniter\CodeIgniter->handleRequest(null, Object(Config\Cache), false)
 9 FCPATH\index.php(79): CodeIgniter\CodeIgniter->run()
INFO - 2024-02-28 11:40:17 --> Session: Class initialized using 'CodeIgniter\Session\Handlers\FileHandler' driver.
INFO - 2024-02-28 11:40:22 --> Session: Class initialized using 'CodeIgniter\Session\Handlers\FileHandler' driver.
INFO - 2024-02-28 11:43:05 --> Session: Class initialized using 'CodeIgniter\Session\Handlers\FileHandler' driver.
INFO - 2024-02-28 11:43:08 --> Session: Class initialized using 'CodeIgniter\Session\Handlers\FileHandler' driver.
CRITICAL - 2024-02-28 11:43:08 --> Call to a member function findAll() on null
in APPPATH\Controllers\consultores.php on line 21.
 1 SYSTEMPATH\CodeIgniter.php(919): App\Controllers\consultores->vista_formulario_crear_consultores_natural()
 2 SYSTEMPATH\CodeIgniter.php(494): CodeIgniter\CodeIgniter->runController(Object(App\Controllers\consultores))
 3 SYSTEMPATH\CodeIgniter.php(353): CodeIgniter\CodeIgniter->handleRequest(null, Object(Config\Cache), false)
 4 FCPATH\index.php(79): CodeIgniter\CodeIgniter->run()
INFO - 2024-02-28 11:43:09 --> Session: Class initialized using 'CodeIgniter\Session\Handlers\FileHandler' driver.
CRITICAL - 2024-02-28 11:43:09 --> Call to a member function findAll() on null
in APPPATH\Controllers\consultores.php on line 21.
 1 SYSTEMPATH\CodeIgniter.php(919): App\Controllers\consultores->vista_formulario_crear_consultores_natural()
 2 SYSTEMPATH\CodeIgniter.php(494): CodeIgniter\CodeIgniter->runController(Object(App\Controllers\consultores))
 3 SYSTEMPATH\CodeIgniter.php(353): CodeIgniter\CodeIgniter->handleRequest(null, Object(Config\Cache), false)
 4 FCPATH\index.php(79): CodeIgniter\CodeIgniter->run()
INFO - 2024-02-28 11:43:10 --> Session: Class initialized using 'CodeIgniter\Session\Handlers\FileHandler' driver.
CRITICAL - 2024-02-28 11:43:10 --> Call to a member function findAll() on null
in APPPATH\Controllers\consultores.php on line 21.
 1 SYSTEMPATH\CodeIgniter.php(919): App\Controllers\consultores->vista_formulario_crear_consultores_natural()
 2 SYSTEMPATH\CodeIgniter.php(494): CodeIgniter\CodeIgniter->runController(Object(App\Controllers\consultores))
 3 SYSTEMPATH\CodeIgniter.php(353): CodeIgniter\CodeIgniter->handleRequest(null, Object(Config\Cache), false)
 4 FCPATH\index.php(79): CodeIgniter\CodeIgniter->run()
INFO - 2024-02-28 11:44:05 --> Session: Class initialized using 'CodeIgniter\Session\Handlers\FileHandler' driver.
CRITICAL - 2024-02-28 11:44:05 --> Call to a member function findAll() on null
in APPPATH\Controllers\consultores.php on line 21.
 1 SYSTEMPATH\CodeIgniter.php(919): App\Controllers\consultores->vista_formulario_crear_consultores_natural()
 2 SYSTEMPATH\CodeIgniter.php(494): CodeIgniter\CodeIgniter->runController(Object(App\Controllers\consultores))
 3 SYSTEMPATH\CodeIgniter.php(353): CodeIgniter\CodeIgniter->handleRequest(null, Object(Config\Cache), false)
 4 FCPATH\index.php(79): CodeIgniter\CodeIgniter->run()
INFO - 2024-02-28 11:44:06 --> Session: Class initialized using 'CodeIgniter\Session\Handlers\FileHandler' driver.
CRITICAL - 2024-02-28 11:44:06 --> Call to a member function findAll() on null
in APPPATH\Controllers\consultores.php on line 21.
 1 SYSTEMPATH\CodeIgniter.php(919): App\Controllers\consultores->vista_formulario_crear_consultores_natural()
 2 SYSTEMPATH\CodeIgniter.php(494): CodeIgniter\CodeIgniter->runController(Object(App\Controllers\consultores))
 3 SYSTEMPATH\CodeIgniter.php(353): CodeIgniter\CodeIgniter->handleRequest(null, Object(Config\Cache), false)
 4 FCPATH\index.php(79): CodeIgniter\CodeIgniter->run()
INFO - 2024-02-28 11:44:07 --> Session: Class initialized using 'CodeIgniter\Session\Handlers\FileHandler' driver.
CRITICAL - 2024-02-28 11:44:07 --> Call to a member function findAll() on null
in APPPATH\Controllers\consultores.php on line 21.
 1 SYSTEMPATH\CodeIgniter.php(919): App\Controllers\consultores->vista_formulario_crear_consultores_natural()
 2 SYSTEMPATH\CodeIgniter.php(494): CodeIgniter\CodeIgniter->runController(Object(App\Controllers\consultores))
 3 SYSTEMPATH\CodeIgniter.php(353): CodeIgniter\CodeIgniter->handleRequest(null, Object(Config\Cache), false)
 4 FCPATH\index.php(79): CodeIgniter\CodeIgniter->run()
INFO - 2024-02-28 11:55:10 --> Session: Class initialized using 'CodeIgniter\Session\Handlers\FileHandler' driver.
CRITICAL - 2024-02-28 11:55:10 --> Call to a member function findAll() on null
in APPPATH\Controllers\consultores.php on line 21.
 1 SYSTEMPATH\CodeIgniter.php(919): App\Controllers\consultores->vista_formulario_crear_consultores_natural()
 2 SYSTEMPATH\CodeIgniter.php(494): CodeIgniter\CodeIgniter->runController(Object(App\Controllers\consultores))
 3 SYSTEMPATH\CodeIgniter.php(353): CodeIgniter\CodeIgniter->handleRequest(null, Object(Config\Cache), false)
 4 FCPATH\index.php(79): CodeIgniter\CodeIgniter->run()
INFO - 2024-02-28 11:55:11 --> Session: Class initialized using 'CodeIgniter\Session\Handlers\FileHandler' driver.
CRITICAL - 2024-02-28 11:55:11 --> Call to a member function findAll() on null
in APPPATH\Controllers\consultores.php on line 21.
 1 SYSTEMPATH\CodeIgniter.php(919): App\Controllers\consultores->vista_formulario_crear_consultores_natural()
 2 SYSTEMPATH\CodeIgniter.php(494): CodeIgniter\CodeIgniter->runController(Object(App\Controllers\consultores))
 3 SYSTEMPATH\CodeIgniter.php(353): CodeIgniter\CodeIgniter->handleRequest(null, Object(Config\Cache), false)
 4 FCPATH\index.php(79): CodeIgniter\CodeIgniter->run()
INFO - 2024-02-28 11:55:35 --> Session: Class initialized using 'CodeIgniter\Session\Handlers\FileHandler' driver.
CRITICAL - 2024-02-28 11:55:35 --> Call to a member function findAll() on null
in APPPATH\Controllers\consultores.php on line 21.
 1 SYSTEMPATH\CodeIgniter.php(919): App\Controllers\consultores->vista_formulario_crear_consultores_natural()
 2 SYSTEMPATH\CodeIgniter.php(494): CodeIgniter\CodeIgniter->runController(Object(App\Controllers\consultores))
 3 SYSTEMPATH\CodeIgniter.php(353): CodeIgniter\CodeIgniter->handleRequest(null, Object(Config\Cache), false)
 4 FCPATH\index.php(79): CodeIgniter\CodeIgniter->run()
INFO - 2024-02-28 11:56:22 --> Session: Class initialized using 'CodeIgniter\Session\Handlers\FileHandler' driver.
CRITICAL - 2024-02-28 11:56:22 --> Call to a member function findAll() on null
in APPPATH\Controllers\consultores.php on line 21.
 1 SYSTEMPATH\CodeIgniter.php(919): App\Controllers\consultores->vista_formulario_crear_consultores_natural()
 2 SYSTEMPATH\CodeIgniter.php(494): CodeIgniter\CodeIgniter->runController(Object(App\Controllers\consultores))
 3 SYSTEMPATH\CodeIgniter.php(353): CodeIgniter\CodeIgniter->handleRequest(null, Object(Config\Cache), false)
 4 FCPATH\index.php(79): CodeIgniter\CodeIgniter->run()
INFO - 2024-02-28 11:56:22 --> Session: Class initialized using 'CodeIgniter\Session\Handlers\FileHandler' driver.
CRITICAL - 2024-02-28 11:56:22 --> Call to a member function findAll() on null
in APPPATH\Controllers\consultores.php on line 21.
 1 SYSTEMPATH\CodeIgniter.php(919): App\Controllers\consultores->vista_formulario_crear_consultores_natural()
 2 SYSTEMPATH\CodeIgniter.php(494): CodeIgniter\CodeIgniter->runController(Object(App\Controllers\consultores))
 3 SYSTEMPATH\CodeIgniter.php(353): CodeIgniter\CodeIgniter->handleRequest(null, Object(Config\Cache), false)
 4 FCPATH\index.php(79): CodeIgniter\CodeIgniter->run()
INFO - 2024-02-28 11:56:23 --> Session: Class initialized using 'CodeIgniter\Session\Handlers\FileHandler' driver.
INFO - 2024-02-28 11:56:25 --> Session: Class initialized using 'CodeIgniter\Session\Handlers\FileHandler' driver.
CRITICAL - 2024-02-28 11:56:25 --> Call to a member function findAll() on null
in APPPATH\Controllers\consultores.php on line 21.
 1 SYSTEMPATH\CodeIgniter.php(919): App\Controllers\consultores->vista_formulario_crear_consultores_natural()
 2 SYSTEMPATH\CodeIgniter.php(494): CodeIgniter\CodeIgniter->runController(Object(App\Controllers\consultores))
 3 SYSTEMPATH\CodeIgniter.php(353): CodeIgniter\CodeIgniter->handleRequest(null, Object(Config\Cache), false)
 4 FCPATH\index.php(79): CodeIgniter\CodeIgniter->run()
INFO - 2024-02-28 11:57:21 --> Session: Class initialized using 'CodeIgniter\Session\Handlers\FileHandler' driver.
INFO - 2024-02-28 11:59:52 --> Session: Class initialized using 'CodeIgniter\Session\Handlers\FileHandler' driver.
INFO - 2024-02-28 12:00:01 --> Session: Class initialized using 'CodeIgniter\Session\Handlers\FileHandler' driver.
INFO - 2024-02-28 12:00:14 --> Session: Class initialized using 'CodeIgniter\Session\Handlers\FileHandler' driver.
INFO - 2024-02-28 12:00:15 --> Session: Class initialized using 'CodeIgniter\Session\Handlers\FileHandler' driver.
INFO - 2024-02-28 12:00:29 --> Session: Class initialized using 'CodeIgniter\Session\Handlers\FileHandler' driver.
INFO - 2024-02-28 12:00:40 --> Session: Class initialized using 'CodeIgniter\Session\Handlers\FileHandler' driver.
INFO - 2024-02-28 12:08:08 --> Session: Class initialized using 'CodeIgniter\Session\Handlers\FileHandler' driver.
INFO - 2024-02-28 12:08:32 --> Session: Class initialized using 'CodeIgniter\Session\Handlers\FileHandler' driver.
CRITICAL - 2024-02-28 12:08:32 --> Undefined property: App\Controllers\consultores::$registroconsultoria_n
in APPPATH\Controllers\consultores.php on line 56.
 1 APPPATH\Controllers\consultores.php(56): CodeIgniter\Debug\Exceptions->errorHandler(2, 'Undefined property: App\\Controllers\\consultores::$registroconsultoria_n', 'C:\\xamppp\\htdocs\\adminlte\\app\\Controllers\\consultores.php', 56)
 2 SYSTEMPATH\CodeIgniter.php(919): App\Controllers\consultores->guardar_consultor_natural()
 3 SYSTEMPATH\CodeIgniter.php(494): CodeIgniter\CodeIgniter->runController(Object(App\Controllers\consultores))
 4 SYSTEMPATH\CodeIgniter.php(353): CodeIgniter\CodeIgniter->handleRequest(null, Object(Config\Cache), false)
 5 FCPATH\index.php(79): CodeIgniter\CodeIgniter->run()
INFO - 2024-02-28 12:10:45 --> Session: Class initialized using 'CodeIgniter\Session\Handlers\FileHandler' driver.
INFO - 2024-02-28 12:10:47 --> Session: Class initialized using 'CodeIgniter\Session\Handlers\FileHandler' driver.
INFO - 2024-02-28 12:10:47 --> Session: Class initialized using 'CodeIgniter\Session\Handlers\FileHandler' driver.
INFO - 2024-02-28 12:11:50 --> Session: Class initialized using 'CodeIgniter\Session\Handlers\FileHandler' driver.
INFO - 2024-02-28 12:11:54 --> Session: Class initialized using 'CodeIgniter\Session\Handlers\FileHandler' driver.
INFO - 2024-02-28 12:11:54 --> Session: Class initialized using 'CodeIgniter\Session\Handlers\FileHandler' driver.
INFO - 2024-02-28 12:14:27 --> Session: Class initialized using 'CodeIgniter\Session\Handlers\FileHandler' driver.
INFO - 2024-02-28 12:14:30 --> Session: Class initialized using 'CodeIgniter\Session\Handlers\FileHandler' driver.
INFO - 2024-02-28 12:14:30 --> Session: Class initialized using 'CodeIgniter\Session\Handlers\FileHandler' driver.
INFO - 2024-02-28 12:16:50 --> Session: Class initialized using 'CodeIgniter\Session\Handlers\FileHandler' driver.
INFO - 2024-02-28 12:16:54 --> Session: Class initialized using 'CodeIgniter\Session\Handlers\FileHandler' driver.
INFO - 2024-02-28 12:16:54 --> Session: Class initialized using 'CodeIgniter\Session\Handlers\FileHandler' driver.
INFO - 2024-02-28 12:18:26 --> Session: Class initialized using 'CodeIgniter\Session\Handlers\FileHandler' driver.
INFO - 2024-02-28 12:18:28 --> Session: Class initialized using 'CodeIgniter\Session\Handlers\FileHandler' driver.
INFO - 2024-02-28 12:18:28 --> Session: Class initialized using 'CodeIgniter\Session\Handlers\FileHandler' driver.
INFO - 2024-02-28 12:18:44 --> Session: Class initialized using 'CodeIgniter\Session\Handlers\FileHandler' driver.
INFO - 2024-02-28 12:18:56 --> Session: Class initialized using 'CodeIgniter\Session\Handlers\FileHandler' driver.
INFO - 2024-02-28 12:18:56 --> Session: Class initialized using 'CodeIgniter\Session\Handlers\FileHandler' driver.
INFO - 2024-02-28 12:20:19 --> Session: Class initialized using 'CodeIgniter\Session\Handlers\FileHandler' driver.
INFO - 2024-02-28 12:20:21 --> Session: Class initialized using 'CodeIgniter\Session\Handlers\FileHandler' driver.
INFO - 2024-02-28 12:20:21 --> Session: Class initialized using 'CodeIgniter\Session\Handlers\FileHandler' driver.
INFO - 2024-02-28 12:20:39 --> Session: Class initialized using 'CodeIgniter\Session\Handlers\FileHandler' driver.
INFO - 2024-02-28 12:20:40 --> Session: Class initialized using 'CodeIgniter\Session\Handlers\FileHandler' driver.
INFO - 2024-02-28 12:20:40 --> Session: Class initialized using 'CodeIgniter\Session\Handlers\FileHandler' driver.
INFO - 2024-02-28 12:23:05 --> Session: Class initialized using 'CodeIgniter\Session\Handlers\FileHandler' driver.
INFO - 2024-02-28 12:23:06 --> Session: Class initialized using 'CodeIgniter\Session\Handlers\FileHandler' driver.
INFO - 2024-02-28 12:23:53 --> Session: Class initialized using 'CodeIgniter\Session\Handlers\FileHandler' driver.
INFO - 2024-02-28 12:23:58 --> Session: Class initialized using 'CodeIgniter\Session\Handlers\FileHandler' driver.
INFO - 2024-02-28 12:24:31 --> Session: Class initialized using 'CodeIgniter\Session\Handlers\FileHandler' driver.
INFO - 2024-02-28 12:24:49 --> Session: Class initialized using 'CodeIgniter\Session\Handlers\FileHandler' driver.
INFO - 2024-02-28 12:25:51 --> Session: Class initialized using 'CodeIgniter\Session\Handlers\FileHandler' driver.
INFO - 2024-02-28 12:26:46 --> Session: Class initialized using 'CodeIgniter\Session\Handlers\FileHandler' driver.
INFO - 2024-02-28 12:26:47 --> Session: Class initialized using 'CodeIgniter\Session\Handlers\FileHandler' driver.
INFO - 2024-02-28 12:32:50 --> Session: Class initialized using 'CodeIgniter\Session\Handlers\FileHandler' driver.
INFO - 2024-02-28 12:34:18 --> Session: Class initialized using 'CodeIgniter\Session\Handlers\FileHandler' driver.
INFO - 2024-02-28 12:34:19 --> Session: Class initialized using 'CodeIgniter\Session\Handlers\FileHandler' driver.
CRITICAL - 2024-02-28 12:34:19 --> Undefined property: stdClass::$apellido_paterno
in APPPATH\Views\consultores\index_lista_consultores_n.php on line 76.
 1 APPPATH\Views\consultores\index_lista_consultores_n.php(76): CodeIgniter\Debug\Exceptions->errorHandler(2, 'Undefined property: stdClass::$apellido_paterno', 'C:\\xamppp\\htdocs\\adminlte\\app\\Views\\consultores\\index_lista_consultores_n.php', 76)
 2 SYSTEMPATH\View\View.php(226): include('C:\\xamppp\\htdocs\\adminlte\\app\\Views\\consultores\\index_lista_consultores_n.php')
 3 SYSTEMPATH\View\View.php(229): CodeIgniter\View\View->CodeIgniter\View\{closure}()
 4 SYSTEMPATH\Common.php(1188): CodeIgniter\View\View->render('consultores/index_lista_consultores_n', [], true)
 5 APPPATH\Controllers\consultores.php(96): view('consultores/index_lista_consultores_n', [...])
 6 SYSTEMPATH\CodeIgniter.php(919): App\Controllers\consultores->listarConsultores_n()
 7 SYSTEMPATH\CodeIgniter.php(494): CodeIgniter\CodeIgniter->runController(Object(App\Controllers\consultores))
 8 SYSTEMPATH\CodeIgniter.php(353): CodeIgniter\CodeIgniter->handleRequest(null, Object(Config\Cache), false)
 9 FCPATH\index.php(79): CodeIgniter\CodeIgniter->run()
INFO - 2024-02-28 12:35:50 --> Session: Class initialized using 'CodeIgniter\Session\Handlers\FileHandler' driver.
INFO - 2024-02-28 12:36:27 --> Session: Class initialized using 'CodeIgniter\Session\Handlers\FileHandler' driver.
INFO - 2024-02-28 12:37:23 --> Session: Class initialized using 'CodeIgniter\Session\Handlers\FileHandler' driver.
INFO - 2024-02-28 12:38:21 --> Session: Class initialized using 'CodeIgniter\Session\Handlers\FileHandler' driver.
INFO - 2024-02-28 12:39:06 --> Session: Class initialized using 'CodeIgniter\Session\Handlers\FileHandler' driver.
INFO - 2024-02-28 12:39:46 --> Session: Class initialized using 'CodeIgniter\Session\Handlers\FileHandler' driver.
INFO - 2024-02-28 12:40:57 --> Session: Class initialized using 'CodeIgniter\Session\Handlers\FileHandler' driver.
CRITICAL - 2024-02-28 12:40:57 --> Call to undefined method App\Models\Oficina::isLoaded
in SYSTEMPATH\Model.php on line 873.
 1 APPPATH\Controllers\consultores.php(98): CodeIgniter\Model->__call('isLoaded', [])
 2 SYSTEMPATH\CodeIgniter.php(919): App\Controllers\consultores->listarConsultores_n()
 3 SYSTEMPATH\CodeIgniter.php(494): CodeIgniter\CodeIgniter->runController(Object(App\Controllers\consultores))
 4 SYSTEMPATH\CodeIgniter.php(353): CodeIgniter\CodeIgniter->handleRequest(null, Object(Config\Cache), false)
 5 FCPATH\index.php(79): CodeIgniter\CodeIgniter->run()
INFO - 2024-02-28 12:41:03 --> Session: Class initialized using 'CodeIgniter\Session\Handlers\FileHandler' driver.
CRITICAL - 2024-02-28 12:41:03 --> Call to undefined method App\Models\Oficina::isLoaded
in SYSTEMPATH\Model.php on line 873.
 1 APPPATH\Controllers\consultores.php(98): CodeIgniter\Model->__call('isLoaded', [])
 2 SYSTEMPATH\CodeIgniter.php(919): App\Controllers\consultores->listarConsultores_n()
 3 SYSTEMPATH\CodeIgniter.php(494): CodeIgniter\CodeIgniter->runController(Object(App\Controllers\consultores))
 4 SYSTEMPATH\CodeIgniter.php(353): CodeIgniter\CodeIgniter->handleRequest(null, Object(Config\Cache), false)
 5 FCPATH\index.php(79): CodeIgniter\CodeIgniter->run()
INFO - 2024-02-28 12:41:04 --> Session: Class initialized using 'CodeIgniter\Session\Handlers\FileHandler' driver.
CRITICAL - 2024-02-28 12:41:04 --> Call to undefined method App\Models\Oficina::isLoaded
in SYSTEMPATH\Model.php on line 873.
 1 APPPATH\Controllers\consultores.php(98): CodeIgniter\Model->__call('isLoaded', [])
 2 SYSTEMPATH\CodeIgniter.php(919): App\Controllers\consultores->listarConsultores_n()
 3 SYSTEMPATH\CodeIgniter.php(494): CodeIgniter\CodeIgniter->runController(Object(App\Controllers\consultores))
 4 SYSTEMPATH\CodeIgniter.php(353): CodeIgniter\CodeIgniter->handleRequest(null, Object(Config\Cache), false)
 5 FCPATH\index.php(79): CodeIgniter\CodeIgniter->run()
INFO - 2024-02-28 12:41:42 --> Session: Class initialized using 'CodeIgniter\Session\Handlers\FileHandler' driver.
CRITICAL - 2024-02-28 12:41:43 --> Undefined array key 26
in APPPATH\Views\consultores\index_lista_consultores_n.php on line 83.
 1 APPPATH\Views\consultores\index_lista_consultores_n.php(83): CodeIgniter\Debug\Exceptions->errorHandler(2, 'Undefined array key 26', 'C:\\xamppp\\htdocs\\adminlte\\app\\Views\\consultores\\index_lista_consultores_n.php', 83)
 2 SYSTEMPATH\View\View.php(226): include('C:\\xamppp\\htdocs\\adminlte\\app\\Views\\consultores\\index_lista_consultores_n.php')
 3 SYSTEMPATH\View\View.php(229): CodeIgniter\View\View->CodeIgniter\View\{closure}()
 4 SYSTEMPATH\Common.php(1188): CodeIgniter\View\View->render('consultores/index_lista_consultores_n', [], true)
 5 APPPATH\Controllers\consultores.php(102): view('consultores/index_lista_consultores_n', [...])
 6 SYSTEMPATH\CodeIgniter.php(919): App\Controllers\consultores->listarConsultores_n()
 7 SYSTEMPATH\CodeIgniter.php(494): CodeIgniter\CodeIgniter->runController(Object(App\Controllers\consultores))
 8 SYSTEMPATH\CodeIgniter.php(353): CodeIgniter\CodeIgniter->handleRequest(null, Object(Config\Cache), false)
 9 FCPATH\index.php(79): CodeIgniter\CodeIgniter->run()
INFO - 2024-02-28 12:41:46 --> Session: Class initialized using 'CodeIgniter\Session\Handlers\FileHandler' driver.
INFO - 2024-02-28 12:41:50 --> Session: Class initialized using 'CodeIgniter\Session\Handlers\FileHandler' driver.
CRITICAL - 2024-02-28 12:41:50 --> Undefined array key 26
in APPPATH\Views\consultores\index_lista_consultores_n.php on line 83.
 1 APPPATH\Views\consultores\index_lista_consultores_n.php(83): CodeIgniter\Debug\Exceptions->errorHandler(2, 'Undefined array key 26', 'C:\\xamppp\\htdocs\\adminlte\\app\\Views\\consultores\\index_lista_consultores_n.php', 83)
 2 SYSTEMPATH\View\View.php(226): include('C:\\xamppp\\htdocs\\adminlte\\app\\Views\\consultores\\index_lista_consultores_n.php')
 3 SYSTEMPATH\View\View.php(229): CodeIgniter\View\View->CodeIgniter\View\{closure}()
 4 SYSTEMPATH\Common.php(1188): CodeIgniter\View\View->render('consultores/index_lista_consultores_n', [], true)
 5 APPPATH\Controllers\consultores.php(102): view('consultores/index_lista_consultores_n', [...])
 6 SYSTEMPATH\CodeIgniter.php(919): App\Controllers\consultores->listarConsultores_n()
 7 SYSTEMPATH\CodeIgniter.php(494): CodeIgniter\CodeIgniter->runController(Object(App\Controllers\consultores))
 8 SYSTEMPATH\CodeIgniter.php(353): CodeIgniter\CodeIgniter->handleRequest(null, Object(Config\Cache), false)
 9 FCPATH\index.php(79): CodeIgniter\CodeIgniter->run()
INFO - 2024-02-28 12:42:11 --> Session: Class initialized using 'CodeIgniter\Session\Handlers\FileHandler' driver.
INFO - 2024-02-28 12:44:46 --> Session: Class initialized using 'CodeIgniter\Session\Handlers\FileHandler' driver.
ERROR - 2024-02-28 12:44:46 --> mysqli_sql_exception: Table 'dni_bolivia.oficinas' doesn't exist in C:\xamppp\htdocs\adminlte\system\Database\MySQLi\Connection.php:306
Stack trace:
#0 C:\xamppp\htdocs\adminlte\system\Database\MySQLi\Connection.php(306): mysqli->query('SELECT `registr...', 0)
#1 C:\xamppp\htdocs\adminlte\system\Database\BaseConnection.php(692): CodeIgniter\Database\MySQLi\Connection->execute('SELECT `registr...')
#2 C:\xamppp\htdocs\adminlte\system\Database\BaseConnection.php(606): CodeIgniter\Database\BaseConnection->simpleQuery('SELECT `registr...')
#3 C:\xamppp\htdocs\adminlte\system\Database\BaseBuilder.php(1615): CodeIgniter\Database\BaseConnection->query('SELECT `registr...', Array, false)
#4 C:\xamppp\htdocs\adminlte\system\Model.php(237): CodeIgniter\Database\BaseBuilder->get()
#5 C:\xamppp\htdocs\adminlte\system\BaseModel.php(624): CodeIgniter\Model->doFindAll(0, 0)
#6 C:\xamppp\htdocs\adminlte\app\Controllers\consultores.php(96): CodeIgniter\BaseModel->findAll()
#7 C:\xamppp\htdocs\adminlte\system\CodeIgniter.php(919): App\Controllers\consultores->listarConsultores_n()
#8 C:\xamppp\htdocs\adminlte\system\CodeIgniter.php(494): CodeIgniter\CodeIgniter->runController(Object(App\Controllers\consultores))
#9 C:\xamppp\htdocs\adminlte\system\CodeIgniter.php(353): CodeIgniter\CodeIgniter->handleRequest(NULL, Object(Config\Cache), false)
#10 C:\xamppp\htdocs\adminlte\public\index.php(79): CodeIgniter\CodeIgniter->run()
#11 {main}
CRITICAL - 2024-02-28 12:44:46 --> Table 'dni_bolivia.oficinas' doesn't exist
in SYSTEMPATH\Database\BaseConnection.php on line 646.
 1 SYSTEMPATH\Database\BaseBuilder.php(1615): CodeIgniter\Database\BaseConnection->query('SELECT `registroconsultoria_n`.*, `oficinas`.`nombre_filial` as `nombre_oficina`
FROM `registroconsultoria`
LEFT JOIN `oficinas` ON `oficinas`.`id` = `registroconsultoria_n`.`oficina_id`
ORDER BY `apellido_paterno_n` ASC', [], false)
 2 SYSTEMPATH\Model.php(237): CodeIgniter\Database\BaseBuilder->get()
 3 SYSTEMPATH\BaseModel.php(624): CodeIgniter\Model->doFindAll(0, 0)
 4 APPPATH\Controllers\consultores.php(96): CodeIgniter\BaseModel->findAll()
 5 SYSTEMPATH\CodeIgniter.php(919): App\Controllers\consultores->listarConsultores_n()
 6 SYSTEMPATH\CodeIgniter.php(494): CodeIgniter\CodeIgniter->runController(Object(App\Controllers\consultores))
 7 SYSTEMPATH\CodeIgniter.php(353): CodeIgniter\CodeIgniter->handleRequest(null, Object(Config\Cache), false)
 8 FCPATH\index.php(79): CodeIgniter\CodeIgniter->run()
INFO - 2024-02-28 12:46:23 --> Session: Class initialized using 'CodeIgniter\Session\Handlers\FileHandler' driver.
ERROR - 2024-02-28 12:46:23 --> mysqli_sql_exception: Unknown table 'dni_bolivia.consultores' in C:\xamppp\htdocs\adminlte\system\Database\MySQLi\Connection.php:306
Stack trace:
#0 C:\xamppp\htdocs\adminlte\system\Database\MySQLi\Connection.php(306): mysqli->query('SELECT `consult...', 0)
#1 C:\xamppp\htdocs\adminlte\system\Database\BaseConnection.php(692): CodeIgniter\Database\MySQLi\Connection->execute('SELECT `consult...')
#2 C:\xamppp\htdocs\adminlte\system\Database\BaseConnection.php(606): CodeIgniter\Database\BaseConnection->simpleQuery('SELECT `consult...')
#3 C:\xamppp\htdocs\adminlte\system\Database\BaseBuilder.php(1615): CodeIgniter\Database\BaseConnection->query('SELECT `consult...', Array, false)
#4 C:\xamppp\htdocs\adminlte\system\Model.php(237): CodeIgniter\Database\BaseBuilder->get()
#5 C:\xamppp\htdocs\adminlte\system\BaseModel.php(624): CodeIgniter\Model->doFindAll(0, 0)
#6 C:\xamppp\htdocs\adminlte\app\Controllers\consultores.php(94): CodeIgniter\BaseModel->findAll()
#7 C:\xamppp\htdocs\adminlte\system\CodeIgniter.php(919): App\Controllers\consultores->listarConsultores_n()
#8 C:\xamppp\htdocs\adminlte\system\CodeIgniter.php(494): CodeIgniter\CodeIgniter->runController(Object(App\Controllers\consultores))
#9 C:\xamppp\htdocs\adminlte\system\CodeIgniter.php(353): CodeIgniter\CodeIgniter->handleRequest(NULL, Object(Config\Cache), false)
#10 C:\xamppp\htdocs\adminlte\public\index.php(79): CodeIgniter\CodeIgniter->run()
#11 {main}
CRITICAL - 2024-02-28 12:46:23 --> Unknown table 'dni_bolivia.consultores'
in SYSTEMPATH\Database\BaseConnection.php on line 646.
 1 SYSTEMPATH\Database\BaseBuilder.php(1615): CodeIgniter\Database\BaseConnection->query('SELECT `consultores`.*, `dni_filiales`.`nombre_filial` as `nombre_oficina`
FROM `registroconsultoria`
LEFT JOIN `dni_filiales` ON `dni_filiales`.`id` = `consultores`.`oficina_id`
ORDER BY `apellido_paterno_n` ASC', [], false)
 2 SYSTEMPATH\Model.php(237): CodeIgniter\Database\BaseBuilder->get()
 3 SYSTEMPATH\BaseModel.php(624): CodeIgniter\Model->doFindAll(0, 0)
 4 APPPATH\Controllers\consultores.php(94): CodeIgniter\BaseModel->findAll()
 5 SYSTEMPATH\CodeIgniter.php(919): App\Controllers\consultores->listarConsultores_n()
 6 SYSTEMPATH\CodeIgniter.php(494): CodeIgniter\CodeIgniter->runController(Object(App\Controllers\consultores))
 7 SYSTEMPATH\CodeIgniter.php(353): CodeIgniter\CodeIgniter->handleRequest(null, Object(Config\Cache), false)
 8 FCPATH\index.php(79): CodeIgniter\CodeIgniter->run()
INFO - 2024-02-28 12:46:23 --> Session: Class initialized using 'CodeIgniter\Session\Handlers\FileHandler' driver.
ERROR - 2024-02-28 12:46:23 --> mysqli_sql_exception: Unknown table 'dni_bolivia.consultores' in C:\xamppp\htdocs\adminlte\system\Database\MySQLi\Connection.php:306
Stack trace:
#0 C:\xamppp\htdocs\adminlte\system\Database\MySQLi\Connection.php(306): mysqli->query('SELECT `consult...', 0)
#1 C:\xamppp\htdocs\adminlte\system\Database\BaseConnection.php(692): CodeIgniter\Database\MySQLi\Connection->execute('SELECT `consult...')
#2 C:\xamppp\htdocs\adminlte\system\Database\BaseConnection.php(606): CodeIgniter\Database\BaseConnection->simpleQuery('SELECT `consult...')
#3 C:\xamppp\htdocs\adminlte\system\Database\BaseBuilder.php(1615): CodeIgniter\Database\BaseConnection->query('SELECT `consult...', Array, false)
#4 C:\xamppp\htdocs\adminlte\system\Model.php(237): CodeIgniter\Database\BaseBuilder->get()
#5 C:\xamppp\htdocs\adminlte\system\BaseModel.php(624): CodeIgniter\Model->doFindAll(0, 0)
#6 C:\xamppp\htdocs\adminlte\app\Controllers\consultores.php(94): CodeIgniter\BaseModel->findAll()
#7 C:\xamppp\htdocs\adminlte\system\CodeIgniter.php(919): App\Controllers\consultores->listarConsultores_n()
#8 C:\xamppp\htdocs\adminlte\system\CodeIgniter.php(494): CodeIgniter\CodeIgniter->runController(Object(App\Controllers\consultores))
#9 C:\xamppp\htdocs\adminlte\system\CodeIgniter.php(353): CodeIgniter\CodeIgniter->handleRequest(NULL, Object(Config\Cache), false)
#10 C:\xamppp\htdocs\adminlte\public\index.php(79): CodeIgniter\CodeIgniter->run()
#11 {main}
CRITICAL - 2024-02-28 12:46:23 --> Unknown table 'dni_bolivia.consultores'
in SYSTEMPATH\Database\BaseConnection.php on line 646.
 1 SYSTEMPATH\Database\BaseBuilder.php(1615): CodeIgniter\Database\BaseConnection->query('SELECT `consultores`.*, `dni_filiales`.`nombre_filial` as `nombre_oficina`
FROM `registroconsultoria`
LEFT JOIN `dni_filiales` ON `dni_filiales`.`id` = `consultores`.`oficina_id`
ORDER BY `apellido_paterno_n` ASC', [], false)
 2 SYSTEMPATH\Model.php(237): CodeIgniter\Database\BaseBuilder->get()
 3 SYSTEMPATH\BaseModel.php(624): CodeIgniter\Model->doFindAll(0, 0)
 4 APPPATH\Controllers\consultores.php(94): CodeIgniter\BaseModel->findAll()
 5 SYSTEMPATH\CodeIgniter.php(919): App\Controllers\consultores->listarConsultores_n()
 6 SYSTEMPATH\CodeIgniter.php(494): CodeIgniter\CodeIgniter->runController(Object(App\Controllers\consultores))
 7 SYSTEMPATH\CodeIgniter.php(353): CodeIgniter\CodeIgniter->handleRequest(null, Object(Config\Cache), false)
 8 FCPATH\index.php(79): CodeIgniter\CodeIgniter->run()
INFO - 2024-02-28 12:46:24 --> Session: Class initialized using 'CodeIgniter\Session\Handlers\FileHandler' driver.
INFO - 2024-02-28 12:46:26 --> Session: Class initialized using 'CodeIgniter\Session\Handlers\FileHandler' driver.
ERROR - 2024-02-28 12:46:26 --> mysqli_sql_exception: Unknown table 'dni_bolivia.consultores' in C:\xamppp\htdocs\adminlte\system\Database\MySQLi\Connection.php:306
Stack trace:
#0 C:\xamppp\htdocs\adminlte\system\Database\MySQLi\Connection.php(306): mysqli->query('SELECT `consult...', 0)
#1 C:\xamppp\htdocs\adminlte\system\Database\BaseConnection.php(692): CodeIgniter\Database\MySQLi\Connection->execute('SELECT `consult...')
#2 C:\xamppp\htdocs\adminlte\system\Database\BaseConnection.php(606): CodeIgniter\Database\BaseConnection->simpleQuery('SELECT `consult...')
#3 C:\xamppp\htdocs\adminlte\system\Database\BaseBuilder.php(1615): CodeIgniter\Database\BaseConnection->query('SELECT `consult...', Array, false)
#4 C:\xamppp\htdocs\adminlte\system\Model.php(237): CodeIgniter\Database\BaseBuilder->get()
#5 C:\xamppp\htdocs\adminlte\system\BaseModel.php(624): CodeIgniter\Model->doFindAll(0, 0)
#6 C:\xamppp\htdocs\adminlte\app\Controllers\consultores.php(94): CodeIgniter\BaseModel->findAll()
#7 C:\xamppp\htdocs\adminlte\system\CodeIgniter.php(919): App\Controllers\consultores->listarConsultores_n()
#8 C:\xamppp\htdocs\adminlte\system\CodeIgniter.php(494): CodeIgniter\CodeIgniter->runController(Object(App\Controllers\consultores))
#9 C:\xamppp\htdocs\adminlte\system\CodeIgniter.php(353): CodeIgniter\CodeIgniter->handleRequest(NULL, Object(Config\Cache), false)
#10 C:\xamppp\htdocs\adminlte\public\index.php(79): CodeIgniter\CodeIgniter->run()
#11 {main}
CRITICAL - 2024-02-28 12:46:26 --> Unknown table 'dni_bolivia.consultores'
in SYSTEMPATH\Database\BaseConnection.php on line 646.
 1 SYSTEMPATH\Database\BaseBuilder.php(1615): CodeIgniter\Database\BaseConnection->query('SELECT `consultores`.*, `dni_filiales`.`nombre_filial` as `nombre_oficina`
FROM `registroconsultoria`
LEFT JOIN `dni_filiales` ON `dni_filiales`.`id` = `consultores`.`oficina_id`
ORDER BY `apellido_paterno_n` ASC', [], false)
 2 SYSTEMPATH\Model.php(237): CodeIgniter\Database\BaseBuilder->get()
 3 SYSTEMPATH\BaseModel.php(624): CodeIgniter\Model->doFindAll(0, 0)
 4 APPPATH\Controllers\consultores.php(94): CodeIgniter\BaseModel->findAll()
 5 SYSTEMPATH\CodeIgniter.php(919): App\Controllers\consultores->listarConsultores_n()
 6 SYSTEMPATH\CodeIgniter.php(494): CodeIgniter\CodeIgniter->runController(Object(App\Controllers\consultores))
 7 SYSTEMPATH\CodeIgniter.php(353): CodeIgniter\CodeIgniter->handleRequest(null, Object(Config\Cache), false)
 8 FCPATH\index.php(79): CodeIgniter\CodeIgniter->run()
INFO - 2024-02-28 12:47:09 --> Session: Class initialized using 'CodeIgniter\Session\Handlers\FileHandler' driver.
ERROR - 2024-02-28 12:47:09 --> mysqli_sql_exception: Unknown table 'dni_bolivia.consultores' in C:\xamppp\htdocs\adminlte\system\Database\MySQLi\Connection.php:306
Stack trace:
#0 C:\xamppp\htdocs\adminlte\system\Database\MySQLi\Connection.php(306): mysqli->query('SELECT `consult...', 0)
#1 C:\xamppp\htdocs\adminlte\system\Database\BaseConnection.php(692): CodeIgniter\Database\MySQLi\Connection->execute('SELECT `consult...')
#2 C:\xamppp\htdocs\adminlte\system\Database\BaseConnection.php(606): CodeIgniter\Database\BaseConnection->simpleQuery('SELECT `consult...')
#3 C:\xamppp\htdocs\adminlte\system\Database\BaseBuilder.php(1615): CodeIgniter\Database\BaseConnection->query('SELECT `consult...', Array, false)
#4 C:\xamppp\htdocs\adminlte\system\Model.php(237): CodeIgniter\Database\BaseBuilder->get()
#5 C:\xamppp\htdocs\adminlte\system\BaseModel.php(624): CodeIgniter\Model->doFindAll(0, 0)
#6 C:\xamppp\htdocs\adminlte\app\Controllers\consultores.php(94): CodeIgniter\BaseModel->findAll()
#7 C:\xamppp\htdocs\adminlte\system\CodeIgniter.php(919): App\Controllers\consultores->listarConsultores_n()
#8 C:\xamppp\htdocs\adminlte\system\CodeIgniter.php(494): CodeIgniter\CodeIgniter->runController(Object(App\Controllers\consultores))
#9 C:\xamppp\htdocs\adminlte\system\CodeIgniter.php(353): CodeIgniter\CodeIgniter->handleRequest(NULL, Object(Config\Cache), false)
#10 C:\xamppp\htdocs\adminlte\public\index.php(79): CodeIgniter\CodeIgniter->run()
#11 {main}
CRITICAL - 2024-02-28 12:47:09 --> Unknown table 'dni_bolivia.consultores'
in SYSTEMPATH\Database\BaseConnection.php on line 646.
 1 SYSTEMPATH\Database\BaseBuilder.php(1615): CodeIgniter\Database\BaseConnection->query('SELECT `consultores`.*, `dni_filiales`.`nombre_filial` as `nombre_oficina`
FROM `registroconsultoria`
LEFT JOIN `dni_filiales` ON `dni_filiales`.`id` = `registroconsultoria`.`oficina_id`
ORDER BY `apellido_paterno_n` ASC', [], false)
 2 SYSTEMPATH\Model.php(237): CodeIgniter\Database\BaseBuilder->get()
 3 SYSTEMPATH\BaseModel.php(624): CodeIgniter\Model->doFindAll(0, 0)
 4 APPPATH\Controllers\consultores.php(94): CodeIgniter\BaseModel->findAll()
 5 SYSTEMPATH\CodeIgniter.php(919): App\Controllers\consultores->listarConsultores_n()
 6 SYSTEMPATH\CodeIgniter.php(494): CodeIgniter\CodeIgniter->runController(Object(App\Controllers\consultores))
 7 SYSTEMPATH\CodeIgniter.php(353): CodeIgniter\CodeIgniter->handleRequest(null, Object(Config\Cache), false)
 8 FCPATH\index.php(79): CodeIgniter\CodeIgniter->run()
INFO - 2024-02-28 12:47:10 --> Session: Class initialized using 'CodeIgniter\Session\Handlers\FileHandler' driver.
INFO - 2024-02-28 12:47:12 --> Session: Class initialized using 'CodeIgniter\Session\Handlers\FileHandler' driver.
ERROR - 2024-02-28 12:47:12 --> mysqli_sql_exception: Unknown table 'dni_bolivia.consultores' in C:\xamppp\htdocs\adminlte\system\Database\MySQLi\Connection.php:306
Stack trace:
#0 C:\xamppp\htdocs\adminlte\system\Database\MySQLi\Connection.php(306): mysqli->query('SELECT `consult...', 0)
#1 C:\xamppp\htdocs\adminlte\system\Database\BaseConnection.php(692): CodeIgniter\Database\MySQLi\Connection->execute('SELECT `consult...')
#2 C:\xamppp\htdocs\adminlte\system\Database\BaseConnection.php(606): CodeIgniter\Database\BaseConnection->simpleQuery('SELECT `consult...')
#3 C:\xamppp\htdocs\adminlte\system\Database\BaseBuilder.php(1615): CodeIgniter\Database\BaseConnection->query('SELECT `consult...', Array, false)
#4 C:\xamppp\htdocs\adminlte\system\Model.php(237): CodeIgniter\Database\BaseBuilder->get()
#5 C:\xamppp\htdocs\adminlte\system\BaseModel.php(624): CodeIgniter\Model->doFindAll(0, 0)
#6 C:\xamppp\htdocs\adminlte\app\Controllers\consultores.php(94): CodeIgniter\BaseModel->findAll()
#7 C:\xamppp\htdocs\adminlte\system\CodeIgniter.php(919): App\Controllers\consultores->listarConsultores_n()
#8 C:\xamppp\htdocs\adminlte\system\CodeIgniter.php(494): CodeIgniter\CodeIgniter->runController(Object(App\Controllers\consultores))
#9 C:\xamppp\htdocs\adminlte\system\CodeIgniter.php(353): CodeIgniter\CodeIgniter->handleRequest(NULL, Object(Config\Cache), false)
#10 C:\xamppp\htdocs\adminlte\public\index.php(79): CodeIgniter\CodeIgniter->run()
#11 {main}
CRITICAL - 2024-02-28 12:47:12 --> Unknown table 'dni_bolivia.consultores'
in SYSTEMPATH\Database\BaseConnection.php on line 646.
 1 SYSTEMPATH\Database\BaseBuilder.php(1615): CodeIgniter\Database\BaseConnection->query('SELECT `consultores`.*, `dni_filiales`.`nombre_filial` as `nombre_oficina`
FROM `registroconsultoria`
LEFT JOIN `dni_filiales` ON `dni_filiales`.`id` = `registroconsultoria`.`oficina_id`
ORDER BY `apellido_paterno_n` ASC', [], false)
 2 SYSTEMPATH\Model.php(237): CodeIgniter\Database\BaseBuilder->get()
 3 SYSTEMPATH\BaseModel.php(624): CodeIgniter\Model->doFindAll(0, 0)
 4 APPPATH\Controllers\consultores.php(94): CodeIgniter\BaseModel->findAll()
 5 SYSTEMPATH\CodeIgniter.php(919): App\Controllers\consultores->listarConsultores_n()
 6 SYSTEMPATH\CodeIgniter.php(494): CodeIgniter\CodeIgniter->runController(Object(App\Controllers\consultores))
 7 SYSTEMPATH\CodeIgniter.php(353): CodeIgniter\CodeIgniter->handleRequest(null, Object(Config\Cache), false)
 8 FCPATH\index.php(79): CodeIgniter\CodeIgniter->run()
INFO - 2024-02-28 12:48:35 --> Session: Class initialized using 'CodeIgniter\Session\Handlers\FileHandler' driver.
INFO - 2024-02-28 12:49:35 --> Session: Class initialized using 'CodeIgniter\Session\Handlers\FileHandler' driver.
INFO - 2024-02-28 12:49:36 --> Session: Class initialized using 'CodeIgniter\Session\Handlers\FileHandler' driver.
INFO - 2024-02-28 12:49:52 --> Session: Class initialized using 'CodeIgniter\Session\Handlers\FileHandler' driver.
INFO - 2024-02-28 12:49:53 --> Session: Class initialized using 'CodeIgniter\Session\Handlers\FileHandler' driver.
INFO - 2024-02-28 12:52:08 --> Session: Class initialized using 'CodeIgniter\Session\Handlers\FileHandler' driver.
INFO - 2024-02-28 12:52:09 --> Session: Class initialized using 'CodeIgniter\Session\Handlers\FileHandler' driver.
INFO - 2024-02-28 12:54:01 --> Session: Class initialized using 'CodeIgniter\Session\Handlers\FileHandler' driver.
INFO - 2024-02-28 12:54:35 --> Session: Class initialized using 'CodeIgniter\Session\Handlers\FileHandler' driver.
INFO - 2024-02-28 12:55:02 --> Session: Class initialized using 'CodeIgniter\Session\Handlers\FileHandler' driver.
INFO - 2024-02-28 12:55:05 --> Session: Class initialized using 'CodeIgniter\Session\Handlers\FileHandler' driver.
