CRITICAL - 2023-10-07 13:15:42 --> Undefined array key "emailUsuario"
in APPPATH\Controllers\Login.php on line 34.
 1 APPPATH\Controllers\Login.php(34): CodeIgniter\Debug\Exceptions->errorHandler(2, 'Undefined array key "emailUsuario"', 'C:\\xamppp\\htdocs\\adminlte\\app\\Controllers\\Login.php', 34)
 2 SYSTEMPATH\CodeIgniter.php(919): App\Controllers\Login->validarIngreso()
 3 SYSTEMPATH\CodeIgniter.php(494): CodeIgniter\CodeIgniter->runController(Object(App\Controllers\Login))
 4 SYSTEMPATH\CodeIgniter.php(353): CodeIgniter\CodeIgniter->handleRequest(null, Object(Config\Cache), false)
 5 FCPATH\index.php(79): CodeIgniter\CodeIgniter->run()
CRITICAL - 2023-10-07 13:16:15 --> Undefined array key "emailUsuario"
in APPPATH\Controllers\Login.php on line 34.
 1 APPPATH\Controllers\Login.php(34): CodeIgniter\Debug\Exceptions->errorHandler(2, 'Undefined array key "emailUsuario"', 'C:\\xamppp\\htdocs\\adminlte\\app\\Controllers\\Login.php', 34)
 2 SYSTEMPATH\CodeIgniter.php(919): App\Controllers\Login->validarIngreso()
 3 SYSTEMPATH\CodeIgniter.php(494): CodeIgniter\CodeIgniter->runController(Object(App\Controllers\Login))
 4 SYSTEMPATH\CodeIgniter.php(353): CodeIgniter\CodeIgniter->handleRequest(null, Object(Config\Cache), false)
 5 FCPATH\index.php(79): CodeIgniter\CodeIgniter->run()
CRITICAL - 2023-10-07 13:41:59 --> Undefined array key "emailUsuario"
in APPPATH\Controllers\Login.php on line 34.
 1 APPPATH\Controllers\Login.php(34): CodeIgniter\Debug\Exceptions->errorHandler(2, 'Undefined array key "emailUsuario"', 'C:\\xamppp\\htdocs\\adminlte\\app\\Controllers\\Login.php', 34)
 2 SYSTEMPATH\CodeIgniter.php(919): App\Controllers\Login->validarIngreso()
 3 SYSTEMPATH\CodeIgniter.php(494): CodeIgniter\CodeIgniter->runController(Object(App\Controllers\Login))
 4 SYSTEMPATH\CodeIgniter.php(353): CodeIgniter\CodeIgniter->handleRequest(null, Object(Config\Cache), false)
 5 FCPATH\index.php(79): CodeIgniter\CodeIgniter->run()
CRITICAL - 2023-10-07 13:42:11 --> Undefined array key "emailUsuario"
in APPPATH\Controllers\Login.php on line 34.
 1 APPPATH\Controllers\Login.php(34): CodeIgniter\Debug\Exceptions->errorHandler(2, 'Undefined array key "emailUsuario"', 'C:\\xamppp\\htdocs\\adminlte\\app\\Controllers\\Login.php', 34)
 2 SYSTEMPATH\CodeIgniter.php(919): App\Controllers\Login->validarIngreso()
 3 SYSTEMPATH\CodeIgniter.php(494): CodeIgniter\CodeIgniter->runController(Object(App\Controllers\Login))
 4 SYSTEMPATH\CodeIgniter.php(353): CodeIgniter\CodeIgniter->handleRequest(null, Object(Config\Cache), false)
 5 FCPATH\index.php(79): CodeIgniter\CodeIgniter->run()
CRITICAL - 2023-10-07 13:42:43 --> Undefined array key "emailUsuario"
in APPPATH\Controllers\Login.php on line 34.
 1 APPPATH\Controllers\Login.php(34): CodeIgniter\Debug\Exceptions->errorHandler(2, 'Undefined array key "emailUsuario"', 'C:\\xamppp\\htdocs\\adminlte\\app\\Controllers\\Login.php', 34)
 2 SYSTEMPATH\CodeIgniter.php(919): App\Controllers\Login->validarIngreso()
 3 SYSTEMPATH\CodeIgniter.php(494): CodeIgniter\CodeIgniter->runController(Object(App\Controllers\Login))
 4 SYSTEMPATH\CodeIgniter.php(353): CodeIgniter\CodeIgniter->handleRequest(null, Object(Config\Cache), false)
 5 FCPATH\index.php(79): CodeIgniter\CodeIgniter->run()
CRITICAL - 2023-10-07 14:07:50 --> Undefined array key "emailUsuario"
in APPPATH\Controllers\Login.php on line 34.
 1 APPPATH\Controllers\Login.php(34): CodeIgniter\Debug\Exceptions->errorHandler(2, 'Undefined array key "emailUsuario"', 'C:\\xamppp\\htdocs\\adminlte\\app\\Controllers\\Login.php', 34)
 2 SYSTEMPATH\CodeIgniter.php(919): App\Controllers\Login->validarIngreso()
 3 SYSTEMPATH\CodeIgniter.php(494): CodeIgniter\CodeIgniter->runController(Object(App\Controllers\Login))
 4 SYSTEMPATH\CodeIgniter.php(353): CodeIgniter\CodeIgniter->handleRequest(null, Object(Config\Cache), false)
 5 FCPATH\index.php(79): CodeIgniter\CodeIgniter->run()
CRITICAL - 2023-10-07 14:09:38 --> Undefined array key "emailUsuario"
in APPPATH\Controllers\Login.php on line 34.
 1 APPPATH\Controllers\Login.php(34): CodeIgniter\Debug\Exceptions->errorHandler(2, 'Undefined array key "emailUsuario"', 'C:\\xamppp\\htdocs\\adminlte\\app\\Controllers\\Login.php', 34)
 2 SYSTEMPATH\CodeIgniter.php(919): App\Controllers\Login->validarIngreso()
 3 SYSTEMPATH\CodeIgniter.php(494): CodeIgniter\CodeIgniter->runController(Object(App\Controllers\Login))
 4 SYSTEMPATH\CodeIgniter.php(353): CodeIgniter\CodeIgniter->handleRequest(null, Object(Config\Cache), false)
 5 FCPATH\index.php(79): CodeIgniter\CodeIgniter->run()
